{"/Users/lucas/Desktop/tornado-modern-classic-ui/web-react/src/networkConfig.js": {"path":"/Users/lucas/Desktop/tornado-modern-classic-ui/web-react/src/networkConfig.js","statementMap":{"0":{"start":{"line":1,"column":33},"end":{"line":1,"column":38}},"1":{"start":{"line":2,"column":29},"end":{"line":2,"column":96}}},"fnMap":{},"branchMap":{},"s":{"0":4,"1":4},"f":{},"b":{},"_coverageSchema":"1a1c01bbd47fc00a2c39e90264f33305004495a9","hash":"b0aa69c5115b17e36be6d655f4d531f8fe57bb8c"}
,"/Users/lucas/Desktop/tornado-modern-classic-ui/web-react/src/constants/index.js": {"path":"/Users/lucas/Desktop/tornado-modern-classic-ui/web-react/src/constants/index.js","statementMap":{},"fnMap":{},"branchMap":{},"s":{},"f":{},"b":{},"_coverageSchema":"1a1c01bbd47fc00a2c39e90264f33305004495a9","hash":"ed99afbf26975f387e2e9b1ddc2c9122f0fb3470"}
,"/Users/lucas/Desktop/tornado-modern-classic-ui/web-react/src/constants/variables.js": {"path":"/Users/lucas/Desktop/tornado-modern-classic-ui/web-react/src/constants/variables.js","statementMap":{"0":{"start":{"line":1,"column":16},"end":{"line":1,"column":25}},"1":{"start":{"line":2,"column":19},"end":{"line":2,"column":31}},"2":{"start":{"line":4,"column":26},"end":{"line":7,"column":1}},"3":{"start":{"line":9,"column":34},"end":{"line":9,"column":67}},"4":{"start":{"line":11,"column":27},"end":{"line":11,"column":77}},"5":{"start":{"line":13,"column":26},"end":{"line":17,"column":1}},"6":{"start":{"line":19,"column":21},"end":{"line":22,"column":1}}},"fnMap":{},"branchMap":{},"s":{"0":6,"1":6,"2":6,"3":6,"4":6,"5":6,"6":6},"f":{},"b":{},"_coverageSchema":"1a1c01bbd47fc00a2c39e90264f33305004495a9","hash":"14280764e83ea95cee8081eac6e003ac31a27f41"}
,"/Users/lucas/Desktop/tornado-modern-classic-ui/web-react/src/lib/rpcSelect.ts": {"path":"/Users/lucas/Desktop/tornado-modern-classic-ui/web-react/src/lib/rpcSelect.ts","statementMap":{"0":{"start":{"line":11,"column":47},"end":{"line":11,"column":49}},"1":{"start":{"line":12,"column":72},"end":{"line":12,"column":74}},"2":{"start":{"line":13,"column":51},"end":{"line":13,"column":53}},"3":{"start":{"line":14,"column":23},"end":{"line":14,"column":27}},"4":{"start":{"line":15,"column":27},"end":{"line":15,"column":41}},"5":{"start":{"line":17,"column":21},"end":{"line":23,"column":1}},"6":{"start":{"line":18,"column":2},"end":{"line":22,"column":3}},"7":{"start":{"line":19,"column":4},"end":{"line":19,"column":84}},"8":{"start":{"line":21,"column":4},"end":{"line":21,"column":20}},"9":{"start":{"line":25,"column":20},"end":{"line":35,"column":1}},"10":{"start":{"line":27,"column":2},"end":{"line":34,"column":3}},"11":{"start":{"line":28,"column":20},"end":{"line":30,"column":24}},"12":{"start":{"line":29,"column":6},"end":{"line":29,"column":85}},"13":{"start":{"line":29,"column":31},"end":{"line":29,"column":73}},"14":{"start":{"line":31,"column":4},"end":{"line":31,"column":49}},"15":{"start":{"line":33,"column":4},"end":{"line":33,"column":34}},"16":{"start":{"line":33,"column":15},"end":{"line":33,"column":34}},"17":{"start":{"line":37,"column":17},"end":{"line":45,"column":1}},"18":{"start":{"line":38,"column":2},"end":{"line":44,"column":3}},"19":{"start":{"line":39,"column":17},"end":{"line":39,"column":30}},"20":{"start":{"line":40,"column":20},"end":{"line":40,"column":60}},"21":{"start":{"line":41,"column":4},"end":{"line":41,"column":44}},"22":{"start":{"line":43,"column":4},"end":{"line":43,"column":16}},"23":{"start":{"line":47,"column":25},"end":{"line":62,"column":1}},"24":{"start":{"line":48,"column":22},"end":{"line":48,"column":45}},"25":{"start":{"line":49,"column":21},"end":{"line":49,"column":83}},"26":{"start":{"line":50,"column":16},"end":{"line":50,"column":35}},"27":{"start":{"line":51,"column":21},"end":{"line":51,"column":114}},"28":{"start":{"line":51,"column":79},"end":{"line":51,"column":82}},"29":{"start":{"line":52,"column":2},"end":{"line":52,"column":91}},"30":{"start":{"line":52,"column":26},"end":{"line":52,"column":91}},"31":{"start":{"line":54,"column":2},"end":{"line":56,"column":3}},"32":{"start":{"line":55,"column":4},"end":{"line":55,"column":46}},"33":{"start":{"line":55,"column":36},"end":{"line":55,"column":46}},"34":{"start":{"line":61,"column":2},"end":{"line":61,"column":22}},"35":{"start":{"line":68,"column":33},"end":{"line":87,"column":1}},"36":{"start":{"line":69,"column":2},"end":{"line":69,"column":74}},"37":{"start":{"line":69,"column":29},"end":{"line":69,"column":74}},"38":{"start":{"line":71,"column":2},"end":{"line":84,"column":3}},"39":{"start":{"line":72,"column":20},"end":{"line":72,"column":50}},"40":{"start":{"line":73,"column":4},"end":{"line":83,"column":8}},"41":{"start":{"line":75,"column":8},"end":{"line":77,"column":9}},"42":{"start":{"line":76,"column":10},"end":{"line":76,"column":45}},"43":{"start":{"line":78,"column":8},"end":{"line":78,"column":35}},"44":{"start":{"line":79,"column":8},"end":{"line":79,"column":18}},"45":{"start":{"line":82,"column":8},"end":{"line":82,"column":45}},"46":{"start":{"line":86,"column":2},"end":{"line":86,"column":53}},"47":{"start":{"line":91,"column":33},"end":{"line":91,"column":93}},"48":{"start":{"line":91,"column":72},"end":{"line":91,"column":93}},"49":{"start":{"line":96,"column":33},"end":{"line":104,"column":1}},"50":{"start":{"line":97,"column":2},"end":{"line":97,"column":66}},"51":{"start":{"line":98,"column":2},"end":{"line":98,"column":29}},"52":{"start":{"line":99,"column":2},"end":{"line":103,"column":3}},"53":{"start":{"line":100,"column":4},"end":{"line":100,"column":69}},"54":{"start":{"line":111,"column":32},"end":{"line":125,"column":1}},"55":{"start":{"line":116,"column":2},"end":{"line":124,"column":3}},"56":{"start":{"line":117,"column":17},"end":{"line":117,"column":30}},"57":{"start":{"line":118,"column":20},"end":{"line":118,"column":60}},"58":{"start":{"line":119,"column":22},"end":{"line":119,"column":55}},"59":{"start":{"line":120,"column":4},"end":{"line":120,"column":55}},"60":{"start":{"line":120,"column":31},"end":{"line":120,"column":55}},"61":{"start":{"line":121,"column":4},"end":{"line":121,"column":71}},"62":{"start":{"line":123,"column":4},"end":{"line":123,"column":52}}},"fnMap":{"0":{"name":"(anonymous_0)","decl":{"start":{"line":17,"column":21},"end":{"line":17,"column":22}},"loc":{"start":{"line":17,"column":60},"end":{"line":23,"column":1}},"line":17},"1":{"name":"(anonymous_1)","decl":{"start":{"line":25,"column":20},"end":{"line":25,"column":21}},"loc":{"start":{"line":25,"column":94},"end":{"line":35,"column":1}},"line":25},"2":{"name":"(anonymous_2)","decl":{"start":{"line":28,"column":32},"end":{"line":28,"column":33}},"loc":{"start":{"line":28,"column":47},"end":{"line":30,"column":5}},"line":28},"3":{"name":"(anonymous_3)","decl":{"start":{"line":29,"column":25},"end":{"line":29,"column":26}},"loc":{"start":{"line":29,"column":31},"end":{"line":29,"column":73}},"line":29},"4":{"name":"(anonymous_4)","decl":{"start":{"line":37,"column":17},"end":{"line":37,"column":18}},"loc":{"start":{"line":37,"column":73},"end":{"line":45,"column":1}},"line":37},"5":{"name":"(anonymous_5)","decl":{"start":{"line":47,"column":25},"end":{"line":47,"column":26}},"loc":{"start":{"line":47,"column":67},"end":{"line":62,"column":1}},"line":47},"6":{"name":"(anonymous_6)","decl":{"start":{"line":51,"column":66},"end":{"line":51,"column":67}},"loc":{"start":{"line":51,"column":79},"end":{"line":51,"column":82}},"line":51},"7":{"name":"(anonymous_7)","decl":{"start":{"line":68,"column":33},"end":{"line":68,"column":34}},"loc":{"start":{"line":68,"column":69},"end":{"line":87,"column":1}},"line":68},"8":{"name":"(anonymous_8)","decl":{"start":{"line":74,"column":12},"end":{"line":74,"column":13}},"loc":{"start":{"line":74,"column":21},"end":{"line":80,"column":7}},"line":74},"9":{"name":"(anonymous_9)","decl":{"start":{"line":81,"column":15},"end":{"line":81,"column":16}},"loc":{"start":{"line":81,"column":21},"end":{"line":83,"column":7}},"line":81},"10":{"name":"(anonymous_10)","decl":{"start":{"line":91,"column":33},"end":{"line":91,"column":34}},"loc":{"start":{"line":91,"column":72},"end":{"line":91,"column":93}},"line":91},"11":{"name":"(anonymous_11)","decl":{"start":{"line":96,"column":33},"end":{"line":96,"column":34}},"loc":{"start":{"line":96,"column":71},"end":{"line":104,"column":1}},"line":96},"12":{"name":"(anonymous_12)","decl":{"start":{"line":111,"column":32},"end":{"line":111,"column":33}},"loc":{"start":{"line":115,"column":55},"end":{"line":125,"column":1}},"line":115}},"branchMap":{"0":{"loc":{"start":{"line":19,"column":11},"end":{"line":19,"column":84}},"type":"binary-expr","locations":[{"start":{"line":19,"column":11},"end":{"line":19,"column":71}},{"start":{"line":19,"column":75},"end":{"line":19,"column":84}}],"line":19},"1":{"loc":{"start":{"line":25,"column":51},"end":{"line":25,"column":77}},"type":"default-arg","locations":[{"start":{"line":25,"column":63},"end":{"line":25,"column":77}}],"line":25},"2":{"loc":{"start":{"line":33,"column":4},"end":{"line":33,"column":34}},"type":"if","locations":[{"start":{"line":33,"column":4},"end":{"line":33,"column":34}},{"start":{},"end":{}}],"line":33},"3":{"loc":{"start":{"line":52,"column":2},"end":{"line":52,"column":91}},"type":"if","locations":[{"start":{"line":52,"column":2},"end":{"line":52,"column":91}},{"start":{},"end":{}}],"line":52},"4":{"loc":{"start":{"line":55,"column":4},"end":{"line":55,"column":46}},"type":"if","locations":[{"start":{"line":55,"column":4},"end":{"line":55,"column":46}},{"start":{},"end":{}}],"line":55},"5":{"loc":{"start":{"line":69,"column":2},"end":{"line":69,"column":74}},"type":"if","locations":[{"start":{"line":69,"column":2},"end":{"line":69,"column":74}},{"start":{},"end":{}}],"line":69},"6":{"loc":{"start":{"line":71,"column":2},"end":{"line":84,"column":3}},"type":"if","locations":[{"start":{"line":71,"column":2},"end":{"line":84,"column":3}},{"start":{},"end":{}}],"line":71},"7":{"loc":{"start":{"line":72,"column":20},"end":{"line":72,"column":50}},"type":"binary-expr","locations":[{"start":{"line":72,"column":20},"end":{"line":72,"column":45}},{"start":{"line":72,"column":49},"end":{"line":72,"column":50}}],"line":72},"8":{"loc":{"start":{"line":75,"column":8},"end":{"line":77,"column":9}},"type":"if","locations":[{"start":{"line":75,"column":8},"end":{"line":77,"column":9}},{"start":{},"end":{}}],"line":75},"9":{"loc":{"start":{"line":75,"column":13},"end":{"line":75,"column":43}},"type":"binary-expr","locations":[{"start":{"line":75,"column":13},"end":{"line":75,"column":38}},{"start":{"line":75,"column":42},"end":{"line":75,"column":43}}],"line":75},"10":{"loc":{"start":{"line":76,"column":17},"end":{"line":76,"column":45}},"type":"binary-expr","locations":[{"start":{"line":76,"column":17},"end":{"line":76,"column":38}},{"start":{"line":76,"column":42},"end":{"line":76,"column":45}}],"line":76},"11":{"loc":{"start":{"line":97,"column":31},"end":{"line":97,"column":61}},"type":"binary-expr","locations":[{"start":{"line":97,"column":31},"end":{"line":97,"column":56}},{"start":{"line":97,"column":60},"end":{"line":97,"column":61}}],"line":97},"12":{"loc":{"start":{"line":114,"column":2},"end":{"line":114,"column":18}},"type":"default-arg","locations":[{"start":{"line":114,"column":13},"end":{"line":114,"column":18}}],"line":114},"13":{"loc":{"start":{"line":120,"column":4},"end":{"line":120,"column":55}},"type":"if","locations":[{"start":{"line":120,"column":4},"end":{"line":120,"column":55}},{"start":{},"end":{}}],"line":120},"14":{"loc":{"start":{"line":120,"column":8},"end":{"line":120,"column":29}},"type":"binary-expr","locations":[{"start":{"line":120,"column":8},"end":{"line":120,"column":16}},{"start":{"line":120,"column":20},"end":{"line":120,"column":29}}],"line":120}},"s":{"0":1,"1":1,"2":1,"3":1,"4":1,"5":1,"6":3,"7":3,"8":0,"9":1,"10":4,"11":4,"12":4,"13":0,"14":4,"15":4,"16":4,"17":1,"18":4,"19":4,"20":4,"21":4,"22":0,"23":1,"24":3,"25":3,"26":3,"27":3,"28":6,"29":3,"30":0,"31":3,"32":4,"33":3,"34":0,"35":1,"36":3,"37":0,"38":3,"39":3,"40":3,"41":3,"42":1,"43":2,"44":2,"45":3,"46":3,"47":1,"48":1,"49":1,"50":1,"51":1,"52":1,"53":1,"54":1,"55":0,"56":0,"57":0,"58":0,"59":0,"60":0,"61":0,"62":0},"f":{"0":3,"1":4,"2":4,"3":0,"4":4,"5":3,"6":6,"7":3,"8":3,"9":3,"10":1,"11":1,"12":0},"b":{"0":[3,3],"1":[4],"2":[4,0],"3":[0,3],"4":[3,1],"5":[0,3],"6":[3,0],"7":[3,3],"8":[1,2],"9":[3,2],"10":[1,0],"11":[1,1],"12":[0],"13":[0,0],"14":[0,0]},"_coverageSchema":"1a1c01bbd47fc00a2c39e90264f33305004495a9","hash":"fe865b4dff140911b5c0267fd42591fe36b3b141"}
,"/Users/lucas/Desktop/tornado-modern-classic-ui/web-react/src/services/accountNoteDecryptFlow.js": {"path":"/Users/lucas/Desktop/tornado-modern-classic-ui/web-react/src/services/accountNoteDecryptFlow.js","statementMap":{"0":{"start":{"line":7,"column":27},"end":{"line":7,"column":30}},"1":{"start":{"line":9,"column":42},"end":{"line":24,"column":1}},"2":{"start":{"line":10,"column":26},"end":{"line":10,"column":28}},"3":{"start":{"line":12,"column":2},"end":{"line":21,"column":3}},"4":{"start":{"line":13,"column":4},"end":{"line":20,"column":5}},"5":{"start":{"line":14,"column":30},"end":{"line":14,"column":73}},"6":{"start":{"line":15,"column":30},"end":{"line":15,"column":77}},"7":{"start":{"line":16,"column":6},"end":{"line":16,"column":55}},"8":{"start":{"line":19,"column":6},"end":{"line":19,"column":14}},"9":{"start":{"line":23,"column":2},"end":{"line":23,"column":24}},"10":{"start":{"line":26,"column":46},"end":{"line":46,"column":1}},"11":{"start":{"line":27,"column":17},"end":{"line":27,"column":19}},"12":{"start":{"line":28,"column":20},"end":{"line":28,"column":22}},"13":{"start":{"line":29,"column":16},"end":{"line":29,"column":17}},"14":{"start":{"line":31,"column":2},"end":{"line":43,"column":4}},"15":{"start":{"line":32,"column":4},"end":{"line":42,"column":5}},"16":{"start":{"line":33,"column":6},"end":{"line":39,"column":7}},"17":{"start":{"line":34,"column":8},"end":{"line":34,"column":20}},"18":{"start":{"line":35,"column":8},"end":{"line":38,"column":10}},"19":{"start":{"line":41,"column":6},"end":{"line":41,"column":30}},"20":{"start":{"line":45,"column":2},"end":{"line":45,"column":53}},"21":{"start":{"line":48,"column":38},"end":{"line":57,"column":1}},"22":{"start":{"line":49,"column":20},"end":{"line":49,"column":31}},"23":{"start":{"line":50,"column":18},"end":{"line":50,"column":20}},"24":{"start":{"line":52,"column":2},"end":{"line":54,"column":3}},"25":{"start":{"line":53,"column":4},"end":{"line":53,"column":48}},"26":{"start":{"line":56,"column":2},"end":{"line":56,"column":16}},"27":{"start":{"line":59,"column":28},"end":{"line":93,"column":1}},"28":{"start":{"line":60,"column":42},"end":{"line":60,"column":66}},"29":{"start":{"line":62,"column":21},"end":{"line":66,"column":4}},"30":{"start":{"line":68,"column":2},"end":{"line":70,"column":3}},"31":{"start":{"line":69,"column":4},"end":{"line":69,"column":10}},"32":{"start":{"line":72,"column":18},"end":{"line":76,"column":4}},"33":{"start":{"line":78,"column":2},"end":{"line":92,"column":3}},"34":{"start":{"line":95,"column":34},"end":{"line":135,"column":1}},"35":{"start":{"line":102,"column":30},"end":{"line":102,"column":38}},"36":{"start":{"line":104,"column":2},"end":{"line":134,"column":3}},"37":{"start":{"line":105,"column":38},"end":{"line":105,"column":45}},"38":{"start":{"line":107,"column":24},"end":{"line":119,"column":5}},"39":{"start":{"line":121,"column":4},"end":{"line":129,"column":5}},"40":{"start":{"line":122,"column":28},"end":{"line":122,"column":100}},"41":{"start":{"line":124,"column":6},"end":{"line":128,"column":7}},"42":{"start":{"line":125,"column":8},"end":{"line":125,"column":49}},"43":{"start":{"line":126,"column":8},"end":{"line":126,"column":47}},"44":{"start":{"line":127,"column":8},"end":{"line":127,"column":59}},"45":{"start":{"line":131,"column":4},"end":{"line":131,"column":22}},"46":{"start":{"line":133,"column":4},"end":{"line":133,"column":59}},"47":{"start":{"line":141,"column":51},"end":{"line":211,"column":1}},"48":{"start":{"line":151,"column":26},"end":{"line":151,"column":76}},"49":{"start":{"line":153,"column":2},"end":{"line":155,"column":3}},"50":{"start":{"line":154,"column":4},"end":{"line":154,"column":29}},"51":{"start":{"line":157,"column":20},"end":{"line":167,"column":8}},"52":{"start":{"line":158,"column":21},"end":{"line":158,"column":75}},"53":{"start":{"line":159,"column":4},"end":{"line":161,"column":5}},"54":{"start":{"line":160,"column":6},"end":{"line":160,"column":16}},"55":{"start":{"line":162,"column":17},"end":{"line":162,"column":65}},"56":{"start":{"line":163,"column":4},"end":{"line":165,"column":5}},"57":{"start":{"line":164,"column":6},"end":{"line":164,"column":84}},"58":{"start":{"line":166,"column":4},"end":{"line":166,"column":14}},"59":{"start":{"line":169,"column":2},"end":{"line":174,"column":3}},"60":{"start":{"line":171,"column":49},"end":{"line":171,"column":98}},"61":{"start":{"line":172,"column":49},"end":{"line":172,"column":101}},"62":{"start":{"line":176,"column":23},"end":{"line":176,"column":62}},"63":{"start":{"line":177,"column":15},"end":{"line":177,"column":17}},"64":{"start":{"line":179,"column":2},"end":{"line":208,"column":3}},"65":{"start":{"line":180,"column":4},"end":{"line":207,"column":5}},"66":{"start":{"line":181,"column":30},"end":{"line":188,"column":8}},"67":{"start":{"line":182,"column":25},"end":{"line":182,"column":80}},"68":{"start":{"line":183,"column":8},"end":{"line":185,"column":9}},"69":{"start":{"line":184,"column":10},"end":{"line":184,"column":16}},"70":{"start":{"line":186,"column":28},"end":{"line":186,"column":87}},"71":{"start":{"line":187,"column":8},"end":{"line":187,"column":71}},"72":{"start":{"line":190,"column":30},"end":{"line":190,"column":64}},"73":{"start":{"line":192,"column":6},"end":{"line":194,"column":7}},"74":{"start":{"line":193,"column":8},"end":{"line":193,"column":36}},"75":{"start":{"line":196,"column":28},"end":{"line":202,"column":7}},"76":{"start":{"line":200,"column":12},"end":{"line":200,"column":95}},"77":{"start":{"line":204,"column":6},"end":{"line":204,"column":43}},"78":{"start":{"line":206,"column":6},"end":{"line":206,"column":61}},"79":{"start":{"line":210,"column":2},"end":{"line":210,"column":47}},"80":{"start":{"line":213,"column":37},"end":{"line":215,"column":1}},"81":{"start":{"line":214,"column":2},"end":{"line":214,"column":81}},"82":{"start":{"line":214,"column":40},"end":{"line":214,"column":80}}},"fnMap":{"0":{"name":"(anonymous_0)","decl":{"start":{"line":9,"column":42},"end":{"line":9,"column":43}},"loc":{"start":{"line":9,"column":70},"end":{"line":24,"column":1}},"line":9},"1":{"name":"(anonymous_1)","decl":{"start":{"line":26,"column":46},"end":{"line":26,"column":47}},"loc":{"start":{"line":26,"column":64},"end":{"line":46,"column":1}},"line":26},"2":{"name":"(anonymous_2)","decl":{"start":{"line":31,"column":23},"end":{"line":31,"column":24}},"loc":{"start":{"line":31,"column":40},"end":{"line":43,"column":3}},"line":31},"3":{"name":"(anonymous_3)","decl":{"start":{"line":48,"column":38},"end":{"line":48,"column":39}},"loc":{"start":{"line":48,"column":82},"end":{"line":57,"column":1}},"line":48},"4":{"name":"(anonymous_4)","decl":{"start":{"line":59,"column":28},"end":{"line":59,"column":29}},"loc":{"start":{"line":59,"column":75},"end":{"line":93,"column":1}},"line":59},"5":{"name":"(anonymous_5)","decl":{"start":{"line":95,"column":34},"end":{"line":95,"column":35}},"loc":{"start":{"line":101,"column":6},"end":{"line":135,"column":1}},"line":101},"6":{"name":"(anonymous_6)","decl":{"start":{"line":141,"column":51},"end":{"line":141,"column":52}},"loc":{"start":{"line":150,"column":6},"end":{"line":211,"column":1}},"line":150},"7":{"name":"(anonymous_7)","decl":{"start":{"line":157,"column":43},"end":{"line":157,"column":44}},"loc":{"start":{"line":157,"column":58},"end":{"line":167,"column":3}},"line":157},"8":{"name":"(anonymous_8)","decl":{"start":{"line":171,"column":35},"end":{"line":171,"column":36}},"loc":{"start":{"line":171,"column":49},"end":{"line":171,"column":98}},"line":171},"9":{"name":"(anonymous_9)","decl":{"start":{"line":172,"column":35},"end":{"line":172,"column":36}},"loc":{"start":{"line":172,"column":49},"end":{"line":172,"column":101}},"line":172},"10":{"name":"(anonymous_10)","decl":{"start":{"line":181,"column":40},"end":{"line":181,"column":41}},"loc":{"start":{"line":181,"column":51},"end":{"line":188,"column":7}},"line":181},"11":{"name":"(anonymous_11)","decl":{"start":{"line":199,"column":15},"end":{"line":199,"column":16}},"loc":{"start":{"line":200,"column":12},"end":{"line":200,"column":95}},"line":200},"12":{"name":"(anonymous_12)","decl":{"start":{"line":213,"column":37},"end":{"line":213,"column":38}},"loc":{"start":{"line":213,"column":77},"end":{"line":215,"column":1}},"line":213},"13":{"name":"(anonymous_13)","decl":{"start":{"line":214,"column":29},"end":{"line":214,"column":30}},"loc":{"start":{"line":214,"column":40},"end":{"line":214,"column":80}},"line":214}},"branchMap":{"0":{"loc":{"start":{"line":32,"column":4},"end":{"line":42,"column":5}},"type":"if","locations":[{"start":{"line":32,"column":4},"end":{"line":42,"column":5}},{"start":{},"end":{}}],"line":32},"1":{"loc":{"start":{"line":33,"column":6},"end":{"line":39,"column":7}},"type":"if","locations":[{"start":{"line":33,"column":6},"end":{"line":39,"column":7}},{"start":{},"end":{}}],"line":33},"2":{"loc":{"start":{"line":48,"column":47},"end":{"line":48,"column":77}},"type":"default-arg","locations":[{"start":{"line":48,"column":59},"end":{"line":48,"column":77}}],"line":48},"3":{"loc":{"start":{"line":68,"column":2},"end":{"line":70,"column":3}},"type":"if","locations":[{"start":{"line":68,"column":2},"end":{"line":70,"column":3}},{"start":{},"end":{}}],"line":68},"4":{"loc":{"start":{"line":113,"column":13},"end":{"line":113,"column":46}},"type":"cond-expr","locations":[{"start":{"line":113,"column":34},"end":{"line":113,"column":41}},{"start":{"line":113,"column":44},"end":{"line":113,"column":46}}],"line":113},"5":{"loc":{"start":{"line":114,"column":21},"end":{"line":114,"column":52}},"type":"cond-expr","locations":[{"start":{"line":114,"column":41},"end":{"line":114,"column":47}},{"start":{"line":114,"column":50},"end":{"line":114,"column":52}}],"line":114},"6":{"loc":{"start":{"line":121,"column":4},"end":{"line":129,"column":5}},"type":"if","locations":[{"start":{"line":121,"column":4},"end":{"line":129,"column":5}},{"start":{},"end":{}}],"line":121},"7":{"loc":{"start":{"line":121,"column":8},"end":{"line":121,"column":34}},"type":"binary-expr","locations":[{"start":{"line":121,"column":8},"end":{"line":121,"column":15}},{"start":{"line":121,"column":19},"end":{"line":121,"column":34}}],"line":121},"8":{"loc":{"start":{"line":124,"column":6},"end":{"line":128,"column":7}},"type":"if","locations":[{"start":{"line":124,"column":6},"end":{"line":128,"column":7}},{"start":{},"end":{}}],"line":124},"9":{"loc":{"start":{"line":153,"column":2},"end":{"line":155,"column":3}},"type":"if","locations":[{"start":{"line":153,"column":2},"end":{"line":155,"column":3}},{"start":{},"end":{}}],"line":153},"10":{"loc":{"start":{"line":159,"column":4},"end":{"line":161,"column":5}},"type":"if","locations":[{"start":{"line":159,"column":4},"end":{"line":161,"column":5}},{"start":{},"end":{}}],"line":159},"11":{"loc":{"start":{"line":163,"column":4},"end":{"line":165,"column":5}},"type":"if","locations":[{"start":{"line":163,"column":4},"end":{"line":165,"column":5}},{"start":{},"end":{}}],"line":163},"12":{"loc":{"start":{"line":183,"column":8},"end":{"line":185,"column":9}},"type":"if","locations":[{"start":{"line":183,"column":8},"end":{"line":185,"column":9}},{"start":{},"end":{}}],"line":183},"13":{"loc":{"start":{"line":192,"column":6},"end":{"line":194,"column":7}},"type":"if","locations":[{"start":{"line":192,"column":6},"end":{"line":194,"column":7}},{"start":{},"end":{}}],"line":192}},"s":{"0":1,"1":1,"2":4,"3":4,"4":7,"5":7,"6":7,"7":6,"8":1,"9":4,"10":1,"11":4,"12":4,"13":4,"14":4,"15":6,"16":5,"17":4,"18":4,"19":5,"20":4,"21":1,"22":4,"23":4,"24":4,"25":6,"26":4,"27":1,"28":3,"29":3,"30":3,"31":0,"32":3,"33":3,"34":1,"35":3,"36":3,"37":3,"38":3,"39":3,"40":0,"41":0,"42":0,"43":0,"44":0,"45":3,"46":0,"47":1,"48":3,"49":3,"50":1,"51":3,"52":5,"53":5,"54":2,"55":3,"56":3,"57":2,"58":3,"59":3,"60":2,"61":2,"62":3,"63":3,"64":3,"65":3,"66":3,"67":5,"68":5,"69":2,"70":3,"71":3,"72":3,"73":3,"74":1,"75":3,"76":3,"77":3,"78":0,"79":3,"80":1,"81":1,"82":2},"f":{"0":4,"1":4,"2":6,"3":4,"4":3,"5":3,"6":3,"7":5,"8":2,"9":2,"10":5,"11":3,"12":1,"13":2},"b":{"0":[5,1],"1":[4,1],"2":[3],"3":[0,3],"4":[0,3],"5":[0,3],"6":[0,3],"7":[3,3],"8":[0,0],"9":[1,2],"10":[2,3],"11":[2,1],"12":[2,3],"13":[1,2]},"_coverageSchema":"1a1c01bbd47fc00a2c39e90264f33305004495a9","hash":"0d1898d5c7b8de37663a65a99ad8445931ccdec3"}
,"/Users/lucas/Desktop/tornado-modern-classic-ui/web-react/src/services/bloom.js": {"path":"/Users/lucas/Desktop/tornado-modern-classic-ui/web-react/src/services/bloom.js","statementMap":{"0":{"start":{"line":8,"column":4},"end":{"line":8,"column":24}},"1":{"start":{"line":9,"column":4},"end":{"line":9,"column":36}},"2":{"start":{"line":10,"column":4},"end":{"line":10,"column":47}},"3":{"start":{"line":12,"column":4},"end":{"line":12,"column":41}},"4":{"start":{"line":16,"column":24},"end":{"line":18,"column":6}},"5":{"start":{"line":20,"column":4},"end":{"line":22,"column":5}},"6":{"start":{"line":21,"column":6},"end":{"line":21,"column":43}},"7":{"start":{"line":24,"column":4},"end":{"line":24,"column":47}},"8":{"start":{"line":28,"column":4},"end":{"line":42,"column":5}},"9":{"start":{"line":29,"column":35},"end":{"line":31,"column":8}},"10":{"start":{"line":33,"column":6},"end":{"line":35,"column":7}},"11":{"start":{"line":34,"column":8},"end":{"line":34,"column":24}},"12":{"start":{"line":37,"column":25},"end":{"line":37,"column":45}},"13":{"start":{"line":39,"column":6},"end":{"line":39,"column":42}},"14":{"start":{"line":41,"column":6},"end":{"line":41,"column":22}},"15":{"start":{"line":46,"column":4},"end":{"line":53,"column":5}},"16":{"start":{"line":47,"column":20},"end":{"line":47,"column":46}},"17":{"start":{"line":48,"column":6},"end":{"line":48,"column":37}},"18":{"start":{"line":50,"column":6},"end":{"line":50,"column":18}},"19":{"start":{"line":52,"column":6},"end":{"line":52,"column":18}},"20":{"start":{"line":57,"column":22},"end":{"line":57,"column":49}},"21":{"start":{"line":58,"column":4},"end":{"line":60,"column":5}},"22":{"start":{"line":59,"column":6},"end":{"line":59,"column":50}},"23":{"start":{"line":61,"column":4},"end":{"line":63,"column":5}},"24":{"start":{"line":62,"column":6},"end":{"line":62,"column":18}},"25":{"start":{"line":64,"column":4},"end":{"line":64,"column":39}},"26":{"start":{"line":68,"column":4},"end":{"line":79,"column":5}},"27":{"start":{"line":69,"column":6},"end":{"line":76,"column":8}},"28":{"start":{"line":78,"column":6},"end":{"line":78,"column":56}},"29":{"start":{"line":83,"column":28},"end":{"line":83,"column":66}},"30":{"start":{"line":83,"column":41},"end":{"line":83,"column":66}}},"fnMap":{"0":{"name":"(anonymous_0)","decl":{"start":{"line":7,"column":2},"end":{"line":7,"column":3}},"loc":{"start":{"line":7,"column":69},"end":{"line":13,"column":3}},"line":7},"1":{"name":"(anonymous_1)","decl":{"start":{"line":15,"column":2},"end":{"line":15,"column":3}},"loc":{"start":{"line":15,"column":24},"end":{"line":25,"column":3}},"line":15},"2":{"name":"(anonymous_2)","decl":{"start":{"line":27,"column":2},"end":{"line":27,"column":3}},"loc":{"start":{"line":27,"column":25},"end":{"line":43,"column":3}},"line":27},"3":{"name":"(anonymous_3)","decl":{"start":{"line":45,"column":2},"end":{"line":45,"column":3}},"loc":{"start":{"line":45,"column":28},"end":{"line":54,"column":3}},"line":45},"4":{"name":"(anonymous_4)","decl":{"start":{"line":56,"column":2},"end":{"line":56,"column":3}},"loc":{"start":{"line":56,"column":31},"end":{"line":65,"column":3}},"line":56},"5":{"name":"(anonymous_5)","decl":{"start":{"line":67,"column":2},"end":{"line":67,"column":3}},"loc":{"start":{"line":67,"column":29},"end":{"line":80,"column":3}},"line":67},"6":{"name":"(anonymous_6)","decl":{"start":{"line":83,"column":28},"end":{"line":83,"column":29}},"loc":{"start":{"line":83,"column":41},"end":{"line":83,"column":66}},"line":83}},"branchMap":{"0":{"loc":{"start":{"line":20,"column":4},"end":{"line":22,"column":5}},"type":"if","locations":[{"start":{"line":20,"column":4},"end":{"line":22,"column":5}},{"start":{},"end":{}}],"line":20},"1":{"loc":{"start":{"line":33,"column":6},"end":{"line":35,"column":7}},"type":"if","locations":[{"start":{"line":33,"column":6},"end":{"line":35,"column":7}},{"start":{},"end":{}}],"line":33},"2":{"loc":{"start":{"line":33,"column":10},"end":{"line":33,"column":63}},"type":"binary-expr","locations":[{"start":{"line":33,"column":10},"end":{"line":33,"column":31}},{"start":{"line":33,"column":35},"end":{"line":33,"column":63}}],"line":33},"3":{"loc":{"start":{"line":58,"column":4},"end":{"line":60,"column":5}},"type":"if","locations":[{"start":{"line":58,"column":4},"end":{"line":60,"column":5}},{"start":{},"end":{}}],"line":58},"4":{"loc":{"start":{"line":61,"column":4},"end":{"line":63,"column":5}},"type":"if","locations":[{"start":{"line":61,"column":4},"end":{"line":63,"column":5}},{"start":{},"end":{}}],"line":61},"5":{"loc":{"start":{"line":61,"column":8},"end":{"line":61,"column":62}},"type":"binary-expr","locations":[{"start":{"line":61,"column":8},"end":{"line":61,"column":20}},{"start":{"line":61,"column":24},"end":{"line":61,"column":62}}],"line":61}},"s":{"0":1,"1":1,"2":1,"3":1,"4":0,"5":0,"6":0,"7":0,"8":1,"9":1,"10":1,"11":1,"12":0,"13":0,"14":0,"15":0,"16":0,"17":0,"18":0,"19":0,"20":1,"21":1,"22":1,"23":1,"24":1,"25":0,"26":0,"27":0,"28":0,"29":1,"30":0},"f":{"0":1,"1":0,"2":1,"3":0,"4":1,"5":0,"6":0},"b":{"0":[0,0],"1":[1,0],"2":[1,1],"3":[1,0],"4":[1,0],"5":[1,0]},"_coverageSchema":"1a1c01bbd47fc00a2c39e90264f33305004495a9","hash":"47933aed9707cb55ba5af1c884edada3970b127a"}
,"/Users/lucas/Desktop/tornado-modern-classic-ui/web-react/src/services/depositFlow.js": {"path":"/Users/lucas/Desktop/tornado-modern-classic-ui/web-react/src/services/depositFlow.js","statementMap":{"0":{"start":{"line":12,"column":34},"end":{"line":15,"column":1}},"1":{"start":{"line":13,"column":38},"end":{"line":13,"column":68}},"2":{"start":{"line":14,"column":2},"end":{"line":14,"column":36}},"3":{"start":{"line":17,"column":34},"end":{"line":37,"column":1}},"4":{"start":{"line":24,"column":2},"end":{"line":24,"column":28}},"5":{"start":{"line":26,"column":2},"end":{"line":28,"column":3}},"6":{"start":{"line":27,"column":4},"end":{"line":27,"column":46}},"7":{"start":{"line":30,"column":34},"end":{"line":30,"column":46}},"8":{"start":{"line":32,"column":2},"end":{"line":34,"column":3}},"9":{"start":{"line":33,"column":4},"end":{"line":33,"column":36}},"10":{"start":{"line":36,"column":2},"end":{"line":36,"column":52}},"11":{"start":{"line":39,"column":34},"end":{"line":131,"column":1}},"12":{"start":{"line":55,"column":14},"end":{"line":55,"column":43}},"13":{"start":{"line":57,"column":2},"end":{"line":59,"column":3}},"14":{"start":{"line":58,"column":4},"end":{"line":58,"column":45}},"15":{"start":{"line":61,"column":17},"end":{"line":61,"column":47}},"16":{"start":{"line":62,"column":38},"end":{"line":62,"column":44}},"17":{"start":{"line":64,"column":2},"end":{"line":66,"column":3}},"18":{"start":{"line":65,"column":4},"end":{"line":65,"column":46}},"19":{"start":{"line":68,"column":15},"end":{"line":74,"column":4}},"20":{"start":{"line":76,"column":38},"end":{"line":76,"column":92}},"21":{"start":{"line":77,"column":19},"end":{"line":77,"column":46}},"22":{"start":{"line":78,"column":16},"end":{"line":78,"column":55}},"23":{"start":{"line":79,"column":22},"end":{"line":79,"column":24}},"24":{"start":{"line":81,"column":2},"end":{"line":83,"column":3}},"25":{"start":{"line":82,"column":4},"end":{"line":82,"column":87}},"26":{"start":{"line":85,"column":17},"end":{"line":85,"column":66}},"27":{"start":{"line":86,"column":15},"end":{"line":86,"column":62}},"28":{"start":{"line":87,"column":22},"end":{"line":92,"column":4}},"29":{"start":{"line":93,"column":19},"end":{"line":93,"column":62}},"30":{"start":{"line":94,"column":20},"end":{"line":94,"column":56}},"31":{"start":{"line":95,"column":17},"end":{"line":104,"column":4}},"32":{"start":{"line":106,"column":42},"end":{"line":106,"column":60}},"33":{"start":{"line":107,"column":17},"end":{"line":119,"column":4}},"34":{"start":{"line":121,"column":2},"end":{"line":128,"column":3}},"35":{"start":{"line":122,"column":4},"end":{"line":127,"column":6}},"36":{"start":{"line":130,"column":2},"end":{"line":130,"column":15}}},"fnMap":{"0":{"name":"(anonymous_0)","decl":{"start":{"line":12,"column":34},"end":{"line":12,"column":35}},"loc":{"start":{"line":12,"column":46},"end":{"line":15,"column":1}},"line":12},"1":{"name":"(anonymous_1)","decl":{"start":{"line":17,"column":34},"end":{"line":17,"column":35}},"loc":{"start":{"line":23,"column":6},"end":{"line":37,"column":1}},"line":23},"2":{"name":"(anonymous_2)","decl":{"start":{"line":39,"column":34},"end":{"line":39,"column":35}},"loc":{"start":{"line":56,"column":6},"end":{"line":131,"column":1}},"line":56},"3":{"name":"(anonymous_3)","decl":{"start":{"line":55,"column":8},"end":{"line":55,"column":9}},"loc":{"start":{"line":55,"column":14},"end":{"line":55,"column":43}},"line":55}},"branchMap":{"0":{"loc":{"start":{"line":21,"column":2},"end":{"line":21,"column":56}},"type":"default-arg","locations":[{"start":{"line":21,"column":30},"end":{"line":21,"column":56}}],"line":21},"1":{"loc":{"start":{"line":22,"column":2},"end":{"line":22,"column":32}},"type":"default-arg","locations":[{"start":{"line":22,"column":15},"end":{"line":22,"column":32}}],"line":22},"2":{"loc":{"start":{"line":26,"column":2},"end":{"line":28,"column":3}},"type":"if","locations":[{"start":{"line":26,"column":2},"end":{"line":28,"column":3}},{"start":{},"end":{}}],"line":26},"3":{"loc":{"start":{"line":32,"column":2},"end":{"line":34,"column":3}},"type":"if","locations":[{"start":{"line":32,"column":2},"end":{"line":34,"column":3}},{"start":{},"end":{}}],"line":32},"4":{"loc":{"start":{"line":53,"column":2},"end":{"line":53,"column":60}},"type":"default-arg","locations":[{"start":{"line":53,"column":29},"end":{"line":53,"column":60}}],"line":53},"5":{"loc":{"start":{"line":54,"column":2},"end":{"line":54,"column":56}},"type":"default-arg","locations":[{"start":{"line":54,"column":30},"end":{"line":54,"column":56}}],"line":54},"6":{"loc":{"start":{"line":55,"column":2},"end":{"line":55,"column":43}},"type":"default-arg","locations":[{"start":{"line":55,"column":8},"end":{"line":55,"column":43}}],"line":55},"7":{"loc":{"start":{"line":57,"column":2},"end":{"line":59,"column":3}},"type":"if","locations":[{"start":{"line":57,"column":2},"end":{"line":59,"column":3}},{"start":{},"end":{}}],"line":57},"8":{"loc":{"start":{"line":64,"column":2},"end":{"line":66,"column":3}},"type":"if","locations":[{"start":{"line":64,"column":2},"end":{"line":66,"column":3}},{"start":{},"end":{}}],"line":64},"9":{"loc":{"start":{"line":78,"column":16},"end":{"line":78,"column":55}},"type":"cond-expr","locations":[{"start":{"line":78,"column":27},"end":{"line":78,"column":49}},{"start":{"line":78,"column":52},"end":{"line":78,"column":55}}],"line":78},"10":{"loc":{"start":{"line":81,"column":2},"end":{"line":83,"column":3}},"type":"if","locations":[{"start":{"line":81,"column":2},"end":{"line":83,"column":3}},{"start":{},"end":{}}],"line":81},"11":{"loc":{"start":{"line":94,"column":20},"end":{"line":94,"column":56}},"type":"cond-expr","locations":[{"start":{"line":94,"column":34},"end":{"line":94,"column":48}},{"start":{"line":94,"column":51},"end":{"line":94,"column":56}}],"line":94},"12":{"loc":{"start":{"line":121,"column":2},"end":{"line":128,"column":3}},"type":"if","locations":[{"start":{"line":121,"column":2},"end":{"line":128,"column":3}},{"start":{},"end":{}}],"line":121},"13":{"loc":{"start":{"line":125,"column":13},"end":{"line":125,"column":83}},"type":"cond-expr","locations":[{"start":{"line":125,"column":53},"end":{"line":125,"column":78}},{"start":{"line":125,"column":81},"end":{"line":125,"column":83}}],"line":125},"14":{"loc":{"start":{"line":126,"column":21},"end":{"line":126,"column":89}},"type":"cond-expr","locations":[{"start":{"line":126,"column":60},"end":{"line":126,"column":84}},{"start":{"line":126,"column":87},"end":{"line":126,"column":89}}],"line":126}},"s":{"0":1,"1":3,"2":2,"3":1,"4":1,"5":1,"6":0,"7":1,"8":1,"9":1,"10":1,"11":1,"12":1,"13":2,"14":0,"15":2,"16":2,"17":2,"18":0,"19":2,"20":2,"21":2,"22":2,"23":2,"24":2,"25":1,"26":2,"27":2,"28":2,"29":2,"30":2,"31":2,"32":2,"33":2,"34":2,"35":1,"36":1},"f":{"0":3,"1":1,"2":2,"3":1},"b":{"0":[1],"1":[0],"2":[0,1],"3":[1,0],"4":[2],"5":[2],"6":[1],"7":[0,2],"8":[0,2],"9":[2,0],"10":[1,1],"11":[1,1],"12":[1,1],"13":[0,1],"14":[0,1]},"_coverageSchema":"1a1c01bbd47fc00a2c39e90264f33305004495a9","hash":"495c67e328bcb9545a94d3a99561a4daffcfba76"}
,"/Users/lucas/Desktop/tornado-modern-classic-ui/web-react/src/services/depositLookup.ts": {"path":"/Users/lucas/Desktop/tornado-modern-classic-ui/web-react/src/services/depositLookup.ts","statementMap":{"0":{"start":{"line":35,"column":32},"end":{"line":45,"column":1}},"1":{"start":{"line":42,"column":2},"end":{"line":44,"column":102}},"2":{"start":{"line":47,"column":35},"end":{"line":57,"column":1}},"3":{"start":{"line":54,"column":2},"end":{"line":56,"column":107}},"4":{"start":{"line":59,"column":32},"end":{"line":67,"column":1}},"5":{"start":{"line":66,"column":2},"end":{"line":66,"column":70}},"6":{"start":{"line":69,"column":13},"end":{"line":69,"column":22}},"7":{"start":{"line":70,"column":21},"end":{"line":70,"column":31}},"8":{"start":{"line":73,"column":26},"end":{"line":105,"column":1}},"9":{"start":{"line":78,"column":14},"end":{"line":78,"column":30}},"10":{"start":{"line":79,"column":19},"end":{"line":79,"column":33}},"11":{"start":{"line":80,"column":15},"end":{"line":80,"column":47}},"12":{"start":{"line":81,"column":21},"end":{"line":81,"column":54}},"13":{"start":{"line":83,"column":2},"end":{"line":85,"column":3}},"14":{"start":{"line":84,"column":4},"end":{"line":84,"column":35}},"15":{"start":{"line":87,"column":17},"end":{"line":87,"column":45}},"16":{"start":{"line":88,"column":2},"end":{"line":90,"column":3}},"17":{"start":{"line":89,"column":4},"end":{"line":89,"column":29}},"18":{"start":{"line":91,"column":24},"end":{"line":91,"column":62}},"19":{"start":{"line":92,"column":2},"end":{"line":92,"column":56}},"20":{"start":{"line":93,"column":16},"end":{"line":93,"column":44}},"21":{"start":{"line":95,"column":2},"end":{"line":97,"column":3}},"22":{"start":{"line":96,"column":4},"end":{"line":96,"column":39}},"23":{"start":{"line":98,"column":18},"end":{"line":98,"column":69}},"24":{"start":{"line":100,"column":2},"end":{"line":102,"column":3}},"25":{"start":{"line":101,"column":4},"end":{"line":101,"column":31}},"26":{"start":{"line":104,"column":2},"end":{"line":104,"column":18}},"27":{"start":{"line":108,"column":28},"end":{"line":152,"column":1}},"28":{"start":{"line":109,"column":16},"end":{"line":109,"column":35}},"29":{"start":{"line":110,"column":14},"end":{"line":110,"column":19}},"30":{"start":{"line":111,"column":15},"end":{"line":111,"column":47}},"31":{"start":{"line":112,"column":21},"end":{"line":112,"column":54}},"32":{"start":{"line":114,"column":19},"end":{"line":114,"column":48}},"33":{"start":{"line":115,"column":2},"end":{"line":117,"column":3}},"34":{"start":{"line":116,"column":4},"end":{"line":116,"column":30}},"35":{"start":{"line":119,"column":2},"end":{"line":121,"column":3}},"36":{"start":{"line":120,"column":4},"end":{"line":120,"column":54}},"37":{"start":{"line":123,"column":16},"end":{"line":123,"column":32}},"38":{"start":{"line":124,"column":2},"end":{"line":126,"column":3}},"39":{"start":{"line":125,"column":4},"end":{"line":125,"column":56}},"40":{"start":{"line":128,"column":14},"end":{"line":128,"column":22}},"41":{"start":{"line":129,"column":17},"end":{"line":129,"column":25}},"42":{"start":{"line":131,"column":2},"end":{"line":133,"column":3}},"43":{"start":{"line":132,"column":4},"end":{"line":132,"column":15}},"44":{"start":{"line":134,"column":2},"end":{"line":136,"column":3}},"45":{"start":{"line":135,"column":4},"end":{"line":135,"column":18}},"46":{"start":{"line":137,"column":2},"end":{"line":139,"column":3}},"47":{"start":{"line":138,"column":4},"end":{"line":138,"column":56}},"48":{"start":{"line":141,"column":2},"end":{"line":143,"column":3}},"49":{"start":{"line":142,"column":4},"end":{"line":142,"column":19}},"50":{"start":{"line":145,"column":12},"end":{"line":145,"column":57}},"51":{"start":{"line":147,"column":2},"end":{"line":149,"column":3}},"52":{"start":{"line":148,"column":4},"end":{"line":148,"column":31}},"53":{"start":{"line":151,"column":2},"end":{"line":151,"column":37}},"54":{"start":{"line":162,"column":37},"end":{"line":181,"column":1}},"55":{"start":{"line":171,"column":14},"end":{"line":171,"column":30}},"56":{"start":{"line":172,"column":27},"end":{"line":172,"column":85}},"57":{"start":{"line":174,"column":2},"end":{"line":180,"column":3}}},"fnMap":{"0":{"name":"(anonymous_0)","decl":{"start":{"line":35,"column":32},"end":{"line":35,"column":33}},"loc":{"start":{"line":41,"column":39},"end":{"line":45,"column":1}},"line":41},"1":{"name":"(anonymous_1)","decl":{"start":{"line":47,"column":35},"end":{"line":47,"column":36}},"loc":{"start":{"line":53,"column":39},"end":{"line":57,"column":1}},"line":53},"2":{"name":"(anonymous_2)","decl":{"start":{"line":59,"column":32},"end":{"line":59,"column":33}},"loc":{"start":{"line":65,"column":24},"end":{"line":67,"column":1}},"line":65},"3":{"name":"(anonymous_3)","decl":{"start":{"line":73,"column":26},"end":{"line":73,"column":27}},"loc":{"start":{"line":77,"column":13},"end":{"line":105,"column":1}},"line":77},"4":{"name":"(anonymous_4)","decl":{"start":{"line":108,"column":28},"end":{"line":108,"column":29}},"loc":{"start":{"line":108,"column":81},"end":{"line":152,"column":1}},"line":108},"5":{"name":"(anonymous_5)","decl":{"start":{"line":162,"column":37},"end":{"line":162,"column":38}},"loc":{"start":{"line":170,"column":24},"end":{"line":181,"column":1}},"line":170}},"branchMap":{"0":{"loc":{"start":{"line":76,"column":2},"end":{"line":76,"column":11}},"type":"default-arg","locations":[{"start":{"line":76,"column":10},"end":{"line":76,"column":11}}],"line":76},"1":{"loc":{"start":{"line":81,"column":21},"end":{"line":81,"column":54}},"type":"binary-expr","locations":[{"start":{"line":81,"column":21},"end":{"line":81,"column":49}},{"start":{"line":81,"column":53},"end":{"line":81,"column":54}}],"line":81},"2":{"loc":{"start":{"line":83,"column":2},"end":{"line":85,"column":3}},"type":"if","locations":[{"start":{"line":83,"column":2},"end":{"line":85,"column":3}},{"start":{},"end":{}}],"line":83},"3":{"loc":{"start":{"line":92,"column":13},"end":{"line":92,"column":56}},"type":"cond-expr","locations":[{"start":{"line":92,"column":29},"end":{"line":92,"column":45}},{"start":{"line":92,"column":48},"end":{"line":92,"column":56}}],"line":92},"4":{"loc":{"start":{"line":95,"column":2},"end":{"line":97,"column":3}},"type":"if","locations":[{"start":{"line":95,"column":2},"end":{"line":97,"column":3}},{"start":{},"end":{}}],"line":95},"5":{"loc":{"start":{"line":95,"column":6},"end":{"line":95,"column":31}},"type":"binary-expr","locations":[{"start":{"line":95,"column":6},"end":{"line":95,"column":11}},{"start":{"line":95,"column":15},"end":{"line":95,"column":31}}],"line":95},"6":{"loc":{"start":{"line":98,"column":29},"end":{"line":98,"column":67}},"type":"cond-expr","locations":[{"start":{"line":98,"column":48},"end":{"line":98,"column":50}},{"start":{"line":98,"column":53},"end":{"line":98,"column":67}}],"line":98},"7":{"loc":{"start":{"line":100,"column":2},"end":{"line":102,"column":3}},"type":"if","locations":[{"start":{"line":100,"column":2},"end":{"line":102,"column":3}},{"start":{},"end":{}}],"line":100},"8":{"loc":{"start":{"line":112,"column":21},"end":{"line":112,"column":54}},"type":"binary-expr","locations":[{"start":{"line":112,"column":21},"end":{"line":112,"column":49}},{"start":{"line":112,"column":53},"end":{"line":112,"column":54}}],"line":112},"9":{"loc":{"start":{"line":115,"column":2},"end":{"line":117,"column":3}},"type":"if","locations":[{"start":{"line":115,"column":2},"end":{"line":117,"column":3}},{"start":{},"end":{}}],"line":115},"10":{"loc":{"start":{"line":119,"column":2},"end":{"line":121,"column":3}},"type":"if","locations":[{"start":{"line":119,"column":2},"end":{"line":121,"column":3}},{"start":{},"end":{}}],"line":119},"11":{"loc":{"start":{"line":124,"column":2},"end":{"line":126,"column":3}},"type":"if","locations":[{"start":{"line":124,"column":2},"end":{"line":126,"column":3}},{"start":{},"end":{}}],"line":124},"12":{"loc":{"start":{"line":131,"column":2},"end":{"line":133,"column":3}},"type":"if","locations":[{"start":{"line":131,"column":2},"end":{"line":133,"column":3}},{"start":{},"end":{}}],"line":131},"13":{"loc":{"start":{"line":134,"column":2},"end":{"line":136,"column":3}},"type":"if","locations":[{"start":{"line":134,"column":2},"end":{"line":136,"column":3}},{"start":{},"end":{}}],"line":134},"14":{"loc":{"start":{"line":137,"column":2},"end":{"line":139,"column":3}},"type":"if","locations":[{"start":{"line":137,"column":2},"end":{"line":139,"column":3}},{"start":{},"end":{}}],"line":137},"15":{"loc":{"start":{"line":147,"column":2},"end":{"line":149,"column":3}},"type":"if","locations":[{"start":{"line":147,"column":2},"end":{"line":149,"column":3}},{"start":{},"end":{}}],"line":147},"16":{"loc":{"start":{"line":171,"column":14},"end":{"line":171,"column":30}},"type":"binary-expr","locations":[{"start":{"line":171,"column":14},"end":{"line":171,"column":23}},{"start":{"line":171,"column":27},"end":{"line":171,"column":30}}],"line":171}},"s":{"0":1,"1":1,"2":1,"3":3,"4":1,"5":2,"6":1,"7":1,"8":1,"9":6,"10":6,"11":6,"12":6,"13":6,"14":1,"15":6,"16":6,"17":19,"18":6,"19":6,"20":6,"21":6,"22":5,"23":6,"24":6,"25":1,"26":6,"27":1,"28":5,"29":5,"30":5,"31":5,"32":5,"33":5,"34":0,"35":5,"36":0,"37":5,"38":5,"39":1,"40":4,"41":4,"42":4,"43":0,"44":4,"45":0,"46":4,"47":1,"48":3,"49":51,"50":3,"51":3,"52":0,"53":3,"54":1,"55":1,"56":1,"57":1},"f":{"0":1,"1":3,"2":2,"3":6,"4":5,"5":1},"b":{"0":[3],"1":[6,0],"2":[1,5],"3":[6,0],"4":[5,1],"5":[6,6],"6":[1,5],"7":[1,5],"8":[5,0],"9":[0,5],"10":[0,5],"11":[1,4],"12":[0,4],"13":[0,4],"14":[1,3],"15":[0,3],"16":[1,0]},"_coverageSchema":"1a1c01bbd47fc00a2c39e90264f33305004495a9","hash":"053677f800049c8a16011a8952c771ac5429dd61"}
,"/Users/lucas/Desktop/tornado-modern-classic-ui/web-react/src/services/eventLoader.js": {"path":"/Users/lucas/Desktop/tornado-modern-classic-ui/web-react/src/services/eventLoader.js","statementMap":{"0":{"start":{"line":4,"column":26},"end":{"line":8,"column":1}},"1":{"start":{"line":5,"column":23},"end":{"line":5,"column":58}},"2":{"start":{"line":7,"column":2},"end":{"line":7,"column":48}},"3":{"start":{"line":10,"column":41},"end":{"line":37,"column":1}},"4":{"start":{"line":19,"column":18},"end":{"line":19,"column":27}},"5":{"start":{"line":20,"column":28},"end":{"line":20,"column":58}},"6":{"start":{"line":22,"column":2},"end":{"line":28,"column":3}},"7":{"start":{"line":23,"column":4},"end":{"line":27,"column":6}},"8":{"start":{"line":30,"column":2},"end":{"line":36,"column":3}},"9":{"start":{"line":39,"column":41},"end":{"line":52,"column":1}},"10":{"start":{"line":40,"column":17},"end":{"line":42,"column":4}},"11":{"start":{"line":44,"column":2},"end":{"line":44,"column":31}},"12":{"start":{"line":44,"column":15},"end":{"line":44,"column":31}},"13":{"start":{"line":46,"column":17},"end":{"line":46,"column":35}},"14":{"start":{"line":48,"column":2},"end":{"line":51,"column":3}}},"fnMap":{"0":{"name":"(anonymous_0)","decl":{"start":{"line":4,"column":26},"end":{"line":4,"column":27}},"loc":{"start":{"line":4,"column":60},"end":{"line":8,"column":1}},"line":4},"1":{"name":"(anonymous_1)","decl":{"start":{"line":10,"column":41},"end":{"line":10,"column":42}},"loc":{"start":{"line":18,"column":6},"end":{"line":37,"column":1}},"line":18},"2":{"name":"(anonymous_2)","decl":{"start":{"line":39,"column":41},"end":{"line":39,"column":42}},"loc":{"start":{"line":39,"column":62},"end":{"line":52,"column":1}},"line":39}},"branchMap":{"0":{"loc":{"start":{"line":22,"column":2},"end":{"line":28,"column":3}},"type":"if","locations":[{"start":{"line":22,"column":2},"end":{"line":28,"column":3}},{"start":{},"end":{}}],"line":22},"1":{"loc":{"start":{"line":22,"column":6},"end":{"line":22,"column":47}},"type":"binary-expr","locations":[{"start":{"line":22,"column":6},"end":{"line":22,"column":33}},{"start":{"line":22,"column":37},"end":{"line":22,"column":47}}],"line":22},"2":{"loc":{"start":{"line":35,"column":15},"end":{"line":35,"column":68}},"type":"cond-expr","locations":[{"start":{"line":35,"column":27},"end":{"line":35,"column":52}},{"start":{"line":35,"column":55},"end":{"line":35,"column":68}}],"line":35},"3":{"loc":{"start":{"line":44,"column":2},"end":{"line":44,"column":31}},"type":"if","locations":[{"start":{"line":44,"column":2},"end":{"line":44,"column":31}},{"start":{},"end":{}}],"line":44},"4":{"loc":{"start":{"line":50,"column":15},"end":{"line":50,"column":73}},"type":"cond-expr","locations":[{"start":{"line":50,"column":31},"end":{"line":50,"column":68}},{"start":{"line":50,"column":71},"end":{"line":50,"column":73}}],"line":50}},"s":{"0":1,"1":1,"2":1,"3":1,"4":2,"5":2,"6":2,"7":1,"8":2,"9":1,"10":2,"11":2,"12":0,"13":2,"14":2},"f":{"0":1,"1":2,"2":2},"b":{"0":[1,1],"1":[2,1],"2":[2,0],"3":[0,2],"4":[1,1]},"_coverageSchema":"1a1c01bbd47fc00a2c39e90264f33305004495a9","hash":"1c3a725c6773212b8cfc3095e61581eb8e0085ef"}
,"/Users/lucas/Desktop/tornado-modern-classic-ui/web-react/src/services/eventSync.js": {"path":"/Users/lucas/Desktop/tornado-modern-classic-ui/web-react/src/services/eventSync.js","statementMap":{"0":{"start":{"line":10,"column":23},"end":{"line":10,"column":80}},"1":{"start":{"line":12,"column":2},"end":{"line":21,"column":4}},"2":{"start":{"line":13,"column":25},"end":{"line":13,"column":55}},"3":{"start":{"line":14,"column":22},"end":{"line":14,"column":53}},"4":{"start":{"line":16,"column":6},"end":{"line":18,"column":66}},"5":{"start":{"line":20,"column":4},"end":{"line":20,"column":39}},"6":{"start":{"line":25,"column":2},"end":{"line":25,"column":82}},"7":{"start":{"line":29,"column":17},"end":{"line":29,"column":91}},"8":{"start":{"line":30,"column":2},"end":{"line":30,"column":53}},"9":{"start":{"line":34,"column":23},"end":{"line":34,"column":37}},"10":{"start":{"line":35,"column":26},"end":{"line":35,"column":43}},"11":{"start":{"line":37,"column":2},"end":{"line":37,"column":54}},"12":{"start":{"line":37,"column":41},"end":{"line":37,"column":54}},"13":{"start":{"line":38,"column":2},"end":{"line":38,"column":60}},"14":{"start":{"line":38,"column":38},"end":{"line":38,"column":60}},"15":{"start":{"line":40,"column":2},"end":{"line":40,"column":48}},"16":{"start":{"line":44,"column":2},"end":{"line":46,"column":3}},"17":{"start":{"line":45,"column":4},"end":{"line":45,"column":60}},"18":{"start":{"line":48,"column":2},"end":{"line":50,"column":3}},"19":{"start":{"line":49,"column":4},"end":{"line":49,"column":56}},"20":{"start":{"line":52,"column":20},"end":{"line":52,"column":65}},"21":{"start":{"line":53,"column":23},"end":{"line":53,"column":40}},"22":{"start":{"line":54,"column":25},"end":{"line":54,"column":88}},"23":{"start":{"line":54,"column":50},"end":{"line":54,"column":87}},"24":{"start":{"line":56,"column":2},"end":{"line":62,"column":3}},"25":{"start":{"line":61,"column":4},"end":{"line":61,"column":55}},"26":{"start":{"line":64,"column":2},"end":{"line":64,"column":65}},"27":{"start":{"line":68,"column":17},"end":{"line":68,"column":47}},"28":{"start":{"line":69,"column":15},"end":{"line":69,"column":24}},"29":{"start":{"line":71,"column":2},"end":{"line":82,"column":4}},"30":{"start":{"line":72,"column":21},"end":{"line":77,"column":15}},"31":{"start":{"line":79,"column":4},"end":{"line":79,"column":40}},"32":{"start":{"line":79,"column":28},"end":{"line":79,"column":40}},"33":{"start":{"line":80,"column":4},"end":{"line":80,"column":22}},"34":{"start":{"line":81,"column":4},"end":{"line":81,"column":15}}},"fnMap":{"0":{"name":"createBlockRanges","decl":{"start":{"line":1,"column":16},"end":{"line":1,"column":33}},"loc":{"start":{"line":9,"column":3},"end":{"line":22,"column":1}},"line":9},"1":{"name":"(anonymous_1)","decl":{"start":{"line":12,"column":46},"end":{"line":12,"column":47}},"loc":{"start":{"line":12,"column":60},"end":{"line":21,"column":3}},"line":12},"2":{"name":"getPersistedEventCursor","decl":{"start":{"line":24,"column":16},"end":{"line":24,"column":39}},"loc":{"start":{"line":24,"column":64},"end":{"line":26,"column":1}},"line":24},"3":{"name":"getNextSyncBlock","decl":{"start":{"line":28,"column":16},"end":{"line":28,"column":32}},"loc":{"start":{"line":28,"column":58},"end":{"line":31,"column":1}},"line":28},"4":{"name":"clampEventCursor","decl":{"start":{"line":33,"column":16},"end":{"line":33,"column":32}},"loc":{"start":{"line":33,"column":52},"end":{"line":41,"column":1}},"line":33},"5":{"name":"splitGraphPage","decl":{"start":{"line":43,"column":16},"end":{"line":43,"column":30}},"loc":{"start":{"line":43,"column":67},"end":{"line":65,"column":1}},"line":43},"6":{"name":"(anonymous_6)","decl":{"start":{"line":54,"column":39},"end":{"line":54,"column":40}},"loc":{"start":{"line":54,"column":50},"end":{"line":54,"column":87}},"line":54},"7":{"name":"mergeEventStreams","decl":{"start":{"line":67,"column":16},"end":{"line":67,"column":33}},"loc":{"start":{"line":67,"column":46},"end":{"line":83,"column":1}},"line":67},"8":{"name":"(anonymous_8)","decl":{"start":{"line":71,"column":23},"end":{"line":71,"column":24}},"loc":{"start":{"line":71,"column":34},"end":{"line":82,"column":3}},"line":71}},"branchMap":{"0":{"loc":{"start":{"line":16,"column":6},"end":{"line":18,"column":66}},"type":"cond-expr","locations":[{"start":{"line":17,"column":10},"end":{"line":17,"column":28}},{"start":{"line":18,"column":10},"end":{"line":18,"column":66}}],"line":16},"1":{"loc":{"start":{"line":25,"column":9},"end":{"line":25,"column":82}},"type":"binary-expr","locations":[{"start":{"line":25,"column":9},"end":{"line":25,"column":31}},{"start":{"line":25,"column":35},"end":{"line":25,"column":82}}],"line":25},"2":{"loc":{"start":{"line":30,"column":9},"end":{"line":30,"column":53}},"type":"cond-expr","locations":[{"start":{"line":30,"column":25},"end":{"line":30,"column":48}},{"start":{"line":30,"column":51},"end":{"line":30,"column":53}}],"line":30},"3":{"loc":{"start":{"line":37,"column":2},"end":{"line":37,"column":54}},"type":"if","locations":[{"start":{"line":37,"column":2},"end":{"line":37,"column":54}},{"start":{},"end":{}}],"line":37},"4":{"loc":{"start":{"line":38,"column":2},"end":{"line":38,"column":60}},"type":"if","locations":[{"start":{"line":38,"column":2},"end":{"line":38,"column":60}},{"start":{},"end":{}}],"line":38},"5":{"loc":{"start":{"line":43,"column":50},"end":{"line":43,"column":65}},"type":"default-arg","locations":[{"start":{"line":43,"column":61},"end":{"line":43,"column":65}}],"line":43},"6":{"loc":{"start":{"line":44,"column":2},"end":{"line":46,"column":3}},"type":"if","locations":[{"start":{"line":44,"column":2},"end":{"line":46,"column":3}},{"start":{},"end":{}}],"line":44},"7":{"loc":{"start":{"line":44,"column":6},"end":{"line":44,"column":46}},"type":"binary-expr","locations":[{"start":{"line":44,"column":6},"end":{"line":44,"column":28}},{"start":{"line":44,"column":32},"end":{"line":44,"column":46}}],"line":44},"8":{"loc":{"start":{"line":48,"column":2},"end":{"line":50,"column":3}},"type":"if","locations":[{"start":{"line":48,"column":2},"end":{"line":50,"column":3}},{"start":{},"end":{}}],"line":48},"9":{"loc":{"start":{"line":56,"column":2},"end":{"line":62,"column":3}},"type":"if","locations":[{"start":{"line":56,"column":2},"end":{"line":62,"column":3}},{"start":{},"end":{}}],"line":56},"10":{"loc":{"start":{"line":57,"column":4},"end":{"line":59,"column":26}},"type":"binary-expr","locations":[{"start":{"line":57,"column":4},"end":{"line":57,"column":31}},{"start":{"line":58,"column":5},"end":{"line":58,"column":34}},{"start":{"line":58,"column":38},"end":{"line":58,"column":63}},{"start":{"line":59,"column":4},"end":{"line":59,"column":26}}],"line":57},"11":{"loc":{"start":{"line":73,"column":6},"end":{"line":73,"column":33}},"type":"binary-expr","locations":[{"start":{"line":73,"column":6},"end":{"line":73,"column":27}},{"start":{"line":73,"column":31},"end":{"line":73,"column":33}}],"line":73},"12":{"loc":{"start":{"line":74,"column":6},"end":{"line":74,"column":51}},"type":"binary-expr","locations":[{"start":{"line":74,"column":6},"end":{"line":74,"column":22}},{"start":{"line":74,"column":26},"end":{"line":74,"column":45}},{"start":{"line":74,"column":49},"end":{"line":74,"column":51}}],"line":74},"13":{"loc":{"start":{"line":75,"column":6},"end":{"line":75,"column":27}},"type":"binary-expr","locations":[{"start":{"line":75,"column":6},"end":{"line":75,"column":21}},{"start":{"line":75,"column":25},"end":{"line":75,"column":27}}],"line":75},"14":{"loc":{"start":{"line":76,"column":6},"end":{"line":76,"column":29}},"type":"binary-expr","locations":[{"start":{"line":76,"column":6},"end":{"line":76,"column":23}},{"start":{"line":76,"column":27},"end":{"line":76,"column":29}}],"line":76},"15":{"loc":{"start":{"line":79,"column":4},"end":{"line":79,"column":40}},"type":"if","locations":[{"start":{"line":79,"column":4},"end":{"line":79,"column":40}},{"start":{},"end":{}}],"line":79}},"s":{"0":1,"1":1,"2":2,"3":2,"4":2,"5":2,"6":1,"7":3,"8":3,"9":2,"10":2,"11":2,"12":0,"13":2,"14":0,"15":2,"16":3,"17":0,"18":3,"19":1,"20":2,"21":2,"22":2,"23":2000,"24":2,"25":1,"26":1,"27":1,"28":1,"29":1,"30":3,"31":3,"32":1,"33":2,"34":2},"f":{"0":1,"1":2,"2":1,"3":3,"4":2,"5":3,"6":2000,"7":1,"8":3},"b":{"0":[1,1],"1":[1,0],"2":[2,1],"3":[0,2],"4":[0,2],"5":[3],"6":[0,3],"7":[3,3],"8":[1,2],"9":[1,1],"10":[2,2,2,1],"11":[3,0],"12":[3,0,0],"13":[3,0],"14":[3,0],"15":[1,2]},"_coverageSchema":"1a1c01bbd47fc00a2c39e90264f33305004495a9","hash":"cf390f28c04e303fb6f2e4d3cb7a1f80619e288c"}
,"/Users/lucas/Desktop/tornado-modern-classic-ui/web-react/src/services/events.js": {"path":"/Users/lucas/Desktop/tornado-modern-classic-ui/web-react/src/services/events.js","statementMap":{"0":{"start":{"line":20,"column":4},"end":{"line":20,"column":41}},"1":{"start":{"line":22,"column":31},"end":{"line":22,"column":61}},"2":{"start":{"line":23,"column":21},"end":{"line":23,"column":61}},"3":{"start":{"line":25,"column":4},"end":{"line":25,"column":22}},"4":{"start":{"line":26,"column":4},"end":{"line":26,"column":24}},"5":{"start":{"line":27,"column":4},"end":{"line":27,"column":28}},"6":{"start":{"line":29,"column":4},"end":{"line":29,"column":40}},"7":{"start":{"line":30,"column":4},"end":{"line":30,"column":65}},"8":{"start":{"line":32,"column":4},"end":{"line":32,"column":52}},"9":{"start":{"line":33,"column":4},"end":{"line":33,"column":45}},"10":{"start":{"line":37,"column":4},"end":{"line":37,"column":67}},"11":{"start":{"line":41,"column":4},"end":{"line":41,"column":45}},"12":{"start":{"line":45,"column":23},"end":{"line":45,"column":55}},"13":{"start":{"line":47,"column":4},"end":{"line":49,"column":5}},"14":{"start":{"line":48,"column":6},"end":{"line":48,"column":56}},"15":{"start":{"line":51,"column":4},"end":{"line":51,"column":23}},"16":{"start":{"line":55,"column":30},"end":{"line":55,"column":65}},"17":{"start":{"line":57,"column":24},"end":{"line":57,"column":68}},"18":{"start":{"line":59,"column":20},"end":{"line":59,"column":33}},"19":{"start":{"line":61,"column":4},"end":{"line":63,"column":5}},"20":{"start":{"line":62,"column":6},"end":{"line":62,"column":51}},"21":{"start":{"line":65,"column":22},"end":{"line":69,"column":6}},"22":{"start":{"line":71,"column":22},"end":{"line":76,"column":6}},"23":{"start":{"line":72,"column":6},"end":{"line":74,"column":7}},"24":{"start":{"line":73,"column":8},"end":{"line":73,"column":40}},"25":{"start":{"line":75,"column":6},"end":{"line":75,"column":42}},"26":{"start":{"line":78,"column":22},"end":{"line":78,"column":85}},"27":{"start":{"line":80,"column":4},"end":{"line":80,"column":65}},"28":{"start":{"line":82,"column":4},"end":{"line":85,"column":5}},"29":{"start":{"line":88,"column":25},"end":{"line":88,"column":51}},"30":{"start":{"line":90,"column":16},"end":{"line":94,"column":6}},"31":{"start":{"line":96,"column":4},"end":{"line":98,"column":5}},"32":{"start":{"line":97,"column":6},"end":{"line":97,"column":18}},"33":{"start":{"line":100,"column":24},"end":{"line":100,"column":50}},"34":{"start":{"line":101,"column":4},"end":{"line":106,"column":5}},"35":{"start":{"line":102,"column":6},"end":{"line":102,"column":82}},"36":{"start":{"line":102,"column":49},"end":{"line":102,"column":81}},"37":{"start":{"line":103,"column":6},"end":{"line":105,"column":7}},"38":{"start":{"line":104,"column":8},"end":{"line":104,"column":20}},"39":{"start":{"line":108,"column":4},"end":{"line":108,"column":79}},"40":{"start":{"line":109,"column":4},"end":{"line":111,"column":5}},"41":{"start":{"line":110,"column":6},"end":{"line":110,"column":18}},"42":{"start":{"line":113,"column":24},"end":{"line":113,"column":53}},"43":{"start":{"line":114,"column":4},"end":{"line":114,"column":96}},"44":{"start":{"line":114,"column":63},"end":{"line":114,"column":95}},"45":{"start":{"line":116,"column":4},"end":{"line":116,"column":16}},"46":{"start":{"line":120,"column":4},"end":{"line":122,"column":5}},"47":{"start":{"line":121,"column":6},"end":{"line":121,"column":22}},"48":{"start":{"line":124,"column":4},"end":{"line":137,"column":5}},"49":{"start":{"line":125,"column":32},"end":{"line":125,"column":67}},"50":{"start":{"line":126,"column":33},"end":{"line":126,"column":75}},"51":{"start":{"line":127,"column":24},"end":{"line":127,"column":87}},"52":{"start":{"line":128,"column":21},"end":{"line":132,"column":8}},"53":{"start":{"line":134,"column":6},"end":{"line":134,"column":42}},"54":{"start":{"line":136,"column":6},"end":{"line":136,"column":22}},"55":{"start":{"line":141,"column":19},"end":{"line":141,"column":49}},"56":{"start":{"line":142,"column":20},"end":{"line":142,"column":67}},"57":{"start":{"line":143,"column":4},"end":{"line":143,"column":51}},"58":{"start":{"line":147,"column":4},"end":{"line":173,"column":5}},"59":{"start":{"line":148,"column":27},"end":{"line":148,"column":53}},"60":{"start":{"line":149,"column":6},"end":{"line":152,"column":7}},"61":{"start":{"line":150,"column":8},"end":{"line":150,"column":70}},"62":{"start":{"line":151,"column":8},"end":{"line":151,"column":14}},"63":{"start":{"line":154,"column":21},"end":{"line":156,"column":8}},"64":{"start":{"line":158,"column":6},"end":{"line":165,"column":7}},"65":{"start":{"line":159,"column":23},"end":{"line":159,"column":41}},"66":{"start":{"line":161,"column":8},"end":{"line":164,"column":9}},"67":{"start":{"line":167,"column":6},"end":{"line":170,"column":7}},"68":{"start":{"line":172,"column":6},"end":{"line":172,"column":22}},"69":{"start":{"line":177,"column":4},"end":{"line":203,"column":5}},"70":{"start":{"line":178,"column":27},"end":{"line":178,"column":53}},"71":{"start":{"line":179,"column":39},"end":{"line":186,"column":8}},"72":{"start":{"line":188,"column":6},"end":{"line":195,"column":7}},"73":{"start":{"line":189,"column":8},"end":{"line":194,"column":21}},"74":{"start":{"line":197,"column":6},"end":{"line":200,"column":7}},"75":{"start":{"line":202,"column":6},"end":{"line":202,"column":22}},"76":{"start":{"line":207,"column":4},"end":{"line":220,"column":5}},"77":{"start":{"line":208,"column":40},"end":{"line":213,"column":8}},"78":{"start":{"line":214,"column":6},"end":{"line":217,"column":7}},"79":{"start":{"line":219,"column":6},"end":{"line":219,"column":22}},"80":{"start":{"line":224,"column":31},"end":{"line":224,"column":73}},"81":{"start":{"line":226,"column":4},"end":{"line":229,"column":5}},"82":{"start":{"line":233,"column":4},"end":{"line":265,"column":6}},"83":{"start":{"line":234,"column":6},"end":{"line":264,"column":10}},"84":{"start":{"line":239,"column":26},"end":{"line":239,"column":41}},"85":{"start":{"line":241,"column":10},"end":{"line":241,"column":19}},"86":{"start":{"line":245,"column":10},"end":{"line":250,"column":11}},"87":{"start":{"line":246,"column":34},"end":{"line":246,"column":94}},"88":{"start":{"line":247,"column":12},"end":{"line":247,"column":35}},"89":{"start":{"line":249,"column":12},"end":{"line":249,"column":23}},"90":{"start":{"line":253,"column":10},"end":{"line":263,"column":11}},"91":{"start":{"line":254,"column":37},"end":{"line":254,"column":48}},"92":{"start":{"line":256,"column":12},"end":{"line":260,"column":13}},"93":{"start":{"line":257,"column":14},"end":{"line":259,"column":49}},"94":{"start":{"line":258,"column":34},"end":{"line":258,"column":49}},"95":{"start":{"line":259,"column":30},"end":{"line":259,"column":48}},"96":{"start":{"line":262,"column":12},"end":{"line":262,"column":34}},"97":{"start":{"line":269,"column":4},"end":{"line":295,"column":5}},"98":{"start":{"line":270,"column":34},"end":{"line":270,"column":44}},"99":{"start":{"line":271,"column":37},"end":{"line":271,"column":76}},"100":{"start":{"line":273,"column":8},"end":{"line":275,"column":68}},"101":{"start":{"line":277,"column":6},"end":{"line":292,"column":7}},"102":{"start":{"line":278,"column":27},"end":{"line":278,"column":110}},"103":{"start":{"line":280,"column":8},"end":{"line":285,"column":9}},"104":{"start":{"line":281,"column":10},"end":{"line":284,"column":11}},"105":{"start":{"line":286,"column":8},"end":{"line":286,"column":24}},"106":{"start":{"line":288,"column":8},"end":{"line":291,"column":9}},"107":{"start":{"line":294,"column":6},"end":{"line":294,"column":22}},"108":{"start":{"line":299,"column":4},"end":{"line":312,"column":5}},"109":{"start":{"line":301,"column":8},"end":{"line":311,"column":9}},"110":{"start":{"line":302,"column":10},"end":{"line":310,"column":11}},"111":{"start":{"line":303,"column":12},"end":{"line":309,"column":14}},"112":{"start":{"line":304,"column":14},"end":{"line":308,"column":15}},"113":{"start":{"line":305,"column":16},"end":{"line":305,"column":56}},"114":{"start":{"line":307,"column":16},"end":{"line":307,"column":37}},"115":{"start":{"line":316,"column":4},"end":{"line":375,"column":5}},"116":{"start":{"line":317,"column":24},"end":{"line":317,"column":26}},"117":{"start":{"line":319,"column":29},"end":{"line":319,"column":37}},"118":{"start":{"line":320,"column":22},"end":{"line":320,"column":31}},"119":{"start":{"line":322,"column":54},"end":{"line":322,"column":93}},"120":{"start":{"line":323,"column":26},"end":{"line":323,"column":100}},"121":{"start":{"line":325,"column":25},"end":{"line":325,"column":65}},"122":{"start":{"line":326,"column":25},"end":{"line":326,"column":59}},"123":{"start":{"line":328,"column":6},"end":{"line":372,"column":7}},"124":{"start":{"line":329,"column":8},"end":{"line":329,"column":41}},"125":{"start":{"line":331,"column":8},"end":{"line":364,"column":9}},"126":{"start":{"line":331,"column":30},"end":{"line":331,"column":31}},"127":{"start":{"line":332,"column":30},"end":{"line":332,"column":59}},"128":{"start":{"line":333,"column":29},"end":{"line":333,"column":73}},"129":{"start":{"line":334,"column":25},"end":{"line":342,"column":12}},"130":{"start":{"line":343,"column":24},"end":{"line":343,"column":74}},"131":{"start":{"line":344,"column":27},"end":{"line":344,"column":47}},"132":{"start":{"line":346,"column":10},"end":{"line":346,"column":74}},"133":{"start":{"line":346,"column":56},"end":{"line":346,"column":72}},"134":{"start":{"line":347,"column":10},"end":{"line":347,"column":73}},"135":{"start":{"line":347,"column":56},"end":{"line":347,"column":71}},"136":{"start":{"line":348,"column":10},"end":{"line":348,"column":55}},"137":{"start":{"line":350,"column":32},"end":{"line":350,"column":70}},"138":{"start":{"line":352,"column":10},"end":{"line":362,"column":11}},"139":{"start":{"line":353,"column":32},"end":{"line":353,"column":82}},"140":{"start":{"line":354,"column":31},"end":{"line":354,"column":57}},"141":{"start":{"line":355,"column":31},"end":{"line":355,"column":72}},"142":{"start":{"line":355,"column":56},"end":{"line":355,"column":71}},"143":{"start":{"line":357,"column":12},"end":{"line":361,"column":13}},"144":{"start":{"line":358,"column":14},"end":{"line":358,"column":48}},"145":{"start":{"line":360,"column":14},"end":{"line":360,"column":55}},"146":{"start":{"line":363,"column":10},"end":{"line":363,"column":68}},"147":{"start":{"line":366,"column":8},"end":{"line":369,"column":9}},"148":{"start":{"line":371,"column":8},"end":{"line":371,"column":24}},"149":{"start":{"line":374,"column":6},"end":{"line":374,"column":22}},"150":{"start":{"line":379,"column":4},"end":{"line":393,"column":5}},"151":{"start":{"line":380,"column":34},"end":{"line":380,"column":73}},"152":{"start":{"line":384,"column":6},"end":{"line":388,"column":7}},"153":{"start":{"line":385,"column":8},"end":{"line":385,"column":88}},"154":{"start":{"line":387,"column":8},"end":{"line":387,"column":70}},"155":{"start":{"line":390,"column":6},"end":{"line":390,"column":19}},"156":{"start":{"line":392,"column":6},"end":{"line":392,"column":22}},"157":{"start":{"line":397,"column":4},"end":{"line":416,"column":5}},"158":{"start":{"line":398,"column":26},"end":{"line":398,"column":95}},"159":{"start":{"line":399,"column":29},"end":{"line":399,"column":51}},"160":{"start":{"line":400,"column":28},"end":{"line":400,"column":100}},"161":{"start":{"line":401,"column":24},"end":{"line":401,"column":87}},"162":{"start":{"line":403,"column":6},"end":{"line":409,"column":7}},"163":{"start":{"line":404,"column":26},"end":{"line":404,"column":94}},"164":{"start":{"line":405,"column":8},"end":{"line":408,"column":9}},"165":{"start":{"line":410,"column":6},"end":{"line":412,"column":7}},"166":{"start":{"line":411,"column":8},"end":{"line":411,"column":26}},"167":{"start":{"line":413,"column":6},"end":{"line":413,"column":22}},"168":{"start":{"line":415,"column":6},"end":{"line":415,"column":22}},"169":{"start":{"line":420,"column":4},"end":{"line":443,"column":5}},"170":{"start":{"line":421,"column":6},"end":{"line":423,"column":7}},"171":{"start":{"line":422,"column":8},"end":{"line":422,"column":14}},"172":{"start":{"line":425,"column":27},"end":{"line":425,"column":53}},"173":{"start":{"line":427,"column":6},"end":{"line":432,"column":7}},"174":{"start":{"line":428,"column":8},"end":{"line":431,"column":10}},"175":{"start":{"line":434,"column":6},"end":{"line":440,"column":8}},"176":{"start":{"line":442,"column":6},"end":{"line":442,"column":57}},"177":{"start":{"line":449,"column":4},"end":{"line":449,"column":30}},"178":{"start":{"line":450,"column":25},"end":{"line":450,"column":76}},"179":{"start":{"line":452,"column":4},"end":{"line":452,"column":46}},"180":{"start":{"line":453,"column":4},"end":{"line":453,"column":56}},"181":{"start":{"line":454,"column":4},"end":{"line":454,"column":50}},"182":{"start":{"line":458,"column":4},"end":{"line":458,"column":41}},"183":{"start":{"line":462,"column":4},"end":{"line":462,"column":59}},"184":{"start":{"line":466,"column":25},"end":{"line":466,"column":81}},"185":{"start":{"line":468,"column":4},"end":{"line":470,"column":5}},"186":{"start":{"line":469,"column":6},"end":{"line":469,"column":45}},"187":{"start":{"line":472,"column":21},"end":{"line":478,"column":6}},"188":{"start":{"line":479,"column":4},"end":{"line":479,"column":46}},"189":{"start":{"line":480,"column":4},"end":{"line":480,"column":19}},"190":{"start":{"line":484,"column":23},"end":{"line":484,"column":32}},"191":{"start":{"line":486,"column":32},"end":{"line":491,"column":1}},"192":{"start":{"line":487,"column":2},"end":{"line":489,"column":3}},"193":{"start":{"line":488,"column":4},"end":{"line":488,"column":57}},"194":{"start":{"line":490,"column":2},"end":{"line":490,"column":35}}},"fnMap":{"0":{"name":"(anonymous_0)","decl":{"start":{"line":19,"column":2},"end":{"line":19,"column":3}},"loc":{"start":{"line":19,"column":59},"end":{"line":34,"column":3}},"line":19},"1":{"name":"(anonymous_1)","decl":{"start":{"line":36,"column":2},"end":{"line":36,"column":3}},"loc":{"start":{"line":36,"column":24},"end":{"line":38,"column":3}},"line":36},"2":{"name":"(anonymous_2)","decl":{"start":{"line":40,"column":2},"end":{"line":40,"column":3}},"loc":{"start":{"line":40,"column":40},"end":{"line":42,"column":3}},"line":40},"3":{"name":"(anonymous_3)","decl":{"start":{"line":44,"column":2},"end":{"line":44,"column":3}},"loc":{"start":{"line":44,"column":24},"end":{"line":52,"column":3}},"line":44},"4":{"name":"(anonymous_4)","decl":{"start":{"line":54,"column":2},"end":{"line":54,"column":3}},"loc":{"start":{"line":54,"column":41},"end":{"line":86,"column":3}},"line":54},"5":{"name":"(anonymous_5)","decl":{"start":{"line":71,"column":97},"end":{"line":71,"column":98}},"loc":{"start":{"line":71,"column":107},"end":{"line":76,"column":5}},"line":71},"6":{"name":"(anonymous_6)","decl":{"start":{"line":87,"column":2},"end":{"line":87,"column":3}},"loc":{"start":{"line":87,"column":52},"end":{"line":117,"column":3}},"line":87},"7":{"name":"(anonymous_7)","decl":{"start":{"line":102,"column":38},"end":{"line":102,"column":39}},"loc":{"start":{"line":102,"column":49},"end":{"line":102,"column":81}},"line":102},"8":{"name":"(anonymous_8)","decl":{"start":{"line":114,"column":52},"end":{"line":114,"column":53}},"loc":{"start":{"line":114,"column":63},"end":{"line":114,"column":95}},"line":114},"9":{"name":"(anonymous_9)","decl":{"start":{"line":119,"column":2},"end":{"line":119,"column":3}},"loc":{"start":{"line":119,"column":65},"end":{"line":138,"column":3}},"line":119},"10":{"name":"(anonymous_10)","decl":{"start":{"line":140,"column":2},"end":{"line":140,"column":3}},"loc":{"start":{"line":140,"column":43},"end":{"line":144,"column":3}},"line":140},"11":{"name":"(anonymous_11)","decl":{"start":{"line":146,"column":2},"end":{"line":146,"column":3}},"loc":{"start":{"line":146,"column":33},"end":{"line":174,"column":3}},"line":146},"12":{"name":"(anonymous_12)","decl":{"start":{"line":176,"column":2},"end":{"line":176,"column":3}},"loc":{"start":{"line":176,"column":30},"end":{"line":204,"column":3}},"line":176},"13":{"name":"(anonymous_13)","decl":{"start":{"line":206,"column":2},"end":{"line":206,"column":3}},"loc":{"start":{"line":206,"column":54},"end":{"line":221,"column":3}},"line":206},"14":{"name":"(anonymous_14)","decl":{"start":{"line":223,"column":2},"end":{"line":223,"column":3}},"loc":{"start":{"line":223,"column":37},"end":{"line":230,"column":3}},"line":223},"15":{"name":"(anonymous_15)","decl":{"start":{"line":232,"column":2},"end":{"line":232,"column":3}},"loc":{"start":{"line":232,"column":80},"end":{"line":266,"column":3}},"line":232},"16":{"name":"(anonymous_16)","decl":{"start":{"line":233,"column":23},"end":{"line":233,"column":24}},"loc":{"start":{"line":233,"column":44},"end":{"line":265,"column":5}},"line":233},"17":{"name":"(anonymous_17)","decl":{"start":{"line":239,"column":14},"end":{"line":239,"column":15}},"loc":{"start":{"line":239,"column":26},"end":{"line":239,"column":41}},"line":239},"18":{"name":"(anonymous_18)","decl":{"start":{"line":240,"column":15},"end":{"line":240,"column":16}},"loc":{"start":{"line":240,"column":24},"end":{"line":264,"column":9}},"line":240},"19":{"name":"(anonymous_19)","decl":{"start":{"line":256,"column":39},"end":{"line":256,"column":40}},"loc":{"start":{"line":257,"column":14},"end":{"line":259,"column":49}},"line":257},"20":{"name":"(anonymous_20)","decl":{"start":{"line":258,"column":22},"end":{"line":258,"column":23}},"loc":{"start":{"line":258,"column":34},"end":{"line":258,"column":49}},"line":258},"21":{"name":"(anonymous_21)","decl":{"start":{"line":259,"column":23},"end":{"line":259,"column":24}},"loc":{"start":{"line":259,"column":30},"end":{"line":259,"column":48}},"line":259},"22":{"name":"(anonymous_22)","decl":{"start":{"line":268,"column":2},"end":{"line":268,"column":3}},"loc":{"start":{"line":268,"column":62},"end":{"line":296,"column":3}},"line":268},"23":{"name":"(anonymous_23)","decl":{"start":{"line":298,"column":2},"end":{"line":298,"column":3}},"loc":{"start":{"line":298,"column":33},"end":{"line":313,"column":3}},"line":298},"24":{"name":"(anonymous_24)","decl":{"start":{"line":300,"column":6},"end":{"line":300,"column":7}},"loc":{"start":{"line":301,"column":8},"end":{"line":311,"column":9}},"line":301},"25":{"name":"(anonymous_25)","decl":{"start":{"line":301,"column":20},"end":{"line":301,"column":21}},"loc":{"start":{"line":302,"column":10},"end":{"line":310,"column":11}},"line":302},"26":{"name":"(anonymous_26)","decl":{"start":{"line":302,"column":29},"end":{"line":302,"column":30}},"loc":{"start":{"line":303,"column":12},"end":{"line":309,"column":14}},"line":303},"27":{"name":"(anonymous_27)","decl":{"start":{"line":303,"column":59},"end":{"line":303,"column":60}},"loc":{"start":{"line":303,"column":70},"end":{"line":309,"column":13}},"line":303},"28":{"name":"(anonymous_28)","decl":{"start":{"line":315,"column":2},"end":{"line":315,"column":3}},"loc":{"start":{"line":315,"column":51},"end":{"line":376,"column":3}},"line":315},"29":{"name":"(anonymous_29)","decl":{"start":{"line":346,"column":49},"end":{"line":346,"column":50}},"loc":{"start":{"line":346,"column":56},"end":{"line":346,"column":72}},"line":346},"30":{"name":"(anonymous_30)","decl":{"start":{"line":347,"column":49},"end":{"line":347,"column":50}},"loc":{"start":{"line":347,"column":56},"end":{"line":347,"column":71}},"line":347},"31":{"name":"(anonymous_31)","decl":{"start":{"line":355,"column":49},"end":{"line":355,"column":50}},"loc":{"start":{"line":355,"column":56},"end":{"line":355,"column":71}},"line":355},"32":{"name":"(anonymous_32)","decl":{"start":{"line":378,"column":2},"end":{"line":378,"column":3}},"loc":{"start":{"line":378,"column":46},"end":{"line":394,"column":3}},"line":378},"33":{"name":"(anonymous_33)","decl":{"start":{"line":396,"column":2},"end":{"line":396,"column":3}},"loc":{"start":{"line":396,"column":61},"end":{"line":417,"column":3}},"line":396},"34":{"name":"(anonymous_34)","decl":{"start":{"line":419,"column":2},"end":{"line":419,"column":3}},"loc":{"start":{"line":419,"column":48},"end":{"line":444,"column":3}},"line":419},"35":{"name":"(anonymous_35)","decl":{"start":{"line":448,"column":2},"end":{"line":448,"column":3}},"loc":{"start":{"line":448,"column":22},"end":{"line":455,"column":3}},"line":448},"36":{"name":"(anonymous_36)","decl":{"start":{"line":457,"column":2},"end":{"line":457,"column":3}},"loc":{"start":{"line":457,"column":19},"end":{"line":459,"column":3}},"line":457},"37":{"name":"(anonymous_37)","decl":{"start":{"line":461,"column":2},"end":{"line":461,"column":3}},"loc":{"start":{"line":461,"column":23},"end":{"line":463,"column":3}},"line":461},"38":{"name":"(anonymous_38)","decl":{"start":{"line":465,"column":2},"end":{"line":465,"column":3}},"loc":{"start":{"line":465,"column":22},"end":{"line":481,"column":3}},"line":465},"39":{"name":"(anonymous_39)",
[...]
lumn":6}},"2":{"start":{"line":6,"column":51},"end":{"line":6,"column":63}},"3":{"start":{"line":7,"column":6},"end":{"line":13,"column":7}},"4":{"start":{"line":16,"column":4},"end":{"line":25,"column":6}},"5":{"start":{"line":17,"column":41},"end":{"line":17,"column":53}},"6":{"start":{"line":18,"column":6},"end":{"line":24,"column":7}},"7":{"start":{"line":30,"column":2},"end":{"line":46,"column":3}},"8":{"start":{"line":31,"column":4},"end":{"line":37,"column":5}},"9":{"start":{"line":39,"column":4},"end":{"line":45,"column":5}}},"fnMap":{"0":{"name":"formatEvents","decl":{"start":{"line":3,"column":16},"end":{"line":3,"column":28}},"loc":{"start":{"line":3,"column":43},"end":{"line":27,"column":1}},"line":3},"1":{"name":"(anonymous_1)","decl":{"start":{"line":5,"column":22},"end":{"line":5,"column":23}},"loc":{"start":{"line":5,"column":74},"end":{"line":14,"column":5}},"line":5},"2":{"name":"(anonymous_2)","decl":{"start":{"line":16,"column":22},"end":{"line":16,"column":23}},"loc":{"start":{"line":16,"column":74},"end":{"line":25,"column":5}},"line":16},"3":{"name":"formatEvent","decl":{"start":{"line":29,"column":16},"end":{"line":29,"column":27}},"loc":{"start":{"line":29,"column":41},"end":{"line":47,"column":1}},"line":29}},"branchMap":{"0":{"loc":{"start":{"line":4,"column":2},"end":{"line":26,"column":3}},"type":"if","locations":[{"start":{"line":4,"column":2},"end":{"line":26,"column":3}},{"start":{"line":15,"column":9},"end":{"line":26,"column":3}}],"line":4},"1":{"loc":{"start":{"line":30,"column":2},"end":{"line":46,"column":3}},"type":"if","locations":[{"start":{"line":30,"column":2},"end":{"line":46,"column":3}},{"start":{"line":38,"column":9},"end":{"line":46,"column":3}}],"line":30},"2":{"loc":{"start":{"line":34,"column":24},"end":{"line":34,"column":67}},"type":"cond-expr","locations":[{"start":{"line":34,"column":38},"end":{"line":34,"column":49}},{"start":{"line":34,"column":52},"end":{"line":34,"column":67}}],"line":34},"3":{"loc":{"start":{"line":42,"column":21},"end":{"line":42,"column":76}},"type":"cond-expr","locations":[{"start":{"line":42,"column":39},"end":{"line":42,"column":54}},{"start":{"line":42,"column":57},"end":{"line":42,"column":76}}],"line":42}},"s":{"0":0,"1":0,"2":0,"3":0,"4":0,"5":0,"6":0,"7":0,"8":0,"9":0},"f":{"0":0,"1":0,"2":0,"3":0},"b":{"0":[0,0],"1":[0,0],"2":[0,0],"3":[0,0]},"_coverageSchema":"1a1c01bbd47fc00a2c39e90264f33305004495a9","hash":"97fe9908dffde44d5d6da1549d1aeddf69620228"}
,"/Users/lucas/Desktop/tornado-modern-classic-ui/web-react/src/utils/crypto.js": {"path":"/Users/lucas/Desktop/tornado-modern-classic-ui/web-react/src/utils/crypto.js","statementMap":{"0":{"start":{"line":6,"column":19},"end":{"line":6,"column":21}},"1":{"start":{"line":8,"column":20},"end":{"line":8,"column":29}},"2":{"start":{"line":10,"column":24},"end":{"line":10,"column":46}},"3":{"start":{"line":24,"column":2},"end":{"line":24,"column":84}},"4":{"start":{"line":24,"column":32},"end":{"line":24,"column":84}},"5":{"start":{"line":26,"column":16},"end":{"line":26,"column":31}},"6":{"start":{"line":27,"column":2},"end":{"line":27,"column":78}},"7":{"start":{"line":27,"column":26},"end":{"line":27,"column":78}},"8":{"start":{"line":29,"column":57},"end":{"line":29,"column":62}},"9":{"start":{"line":30,"column":2},"end":{"line":30,"column":106}},"10":{"start":{"line":30,"column":54},"end":{"line":30,"column":106}},"11":{"start":{"line":31,"column":2},"end":{"line":31,"column":109}},"12":{"start":{"line":31,"column":57},"end":{"line":31,"column":109}},"13":{"start":{"line":38,"column":2},"end":{"line":40,"column":3}},"14":{"start":{"line":39,"column":4},"end":{"line":39,"column":56}},"15":{"start":{"line":41,"column":2},"end":{"line":43,"column":3}},"16":{"start":{"line":42,"column":4},"end":{"line":42,"column":60}},"17":{"start":{"line":45,"column":2},"end":{"line":45,"column":42}},"18":{"start":{"line":53,"column":32},"end":{"line":53,"column":50}},"19":{"start":{"line":54,"column":2},"end":{"line":54,"column":41}},"20":{"start":{"line":54,"column":16},"end":{"line":54,"column":41}},"21":{"start":{"line":56,"column":47},"end":{"line":56,"column":62}},"22":{"start":{"line":58,"column":2},"end":{"line":63,"column":3}},"23":{"start":{"line":67,"column":19},"end":{"line":67,"column":55}},"24":{"start":{"line":69,"column":21},"end":{"line":69,"column":47}},"25":{"start":{"line":71,"column":24},"end":{"line":71,"column":53}},"26":{"start":{"line":72,"column":24},"end":{"line":72,"column":63}},"27":{"start":{"line":73,"column":20},"end":{"line":73,"column":69}},"28":{"start":{"line":75,"column":17},"end":{"line":75,"column":79}},"29":{"start":{"line":77,"column":2},"end":{"line":85,"column":3}},"30":{"start":{"line":89,"column":2},"end":{"line":89,"column":32}},"31":{"start":{"line":93,"column":2},"end":{"line":93,"column":64}},"32":{"start":{"line":97,"column":17},"end":{"line":97,"column":45}},"33":{"start":{"line":98,"column":2},"end":{"line":98,"column":38}},"34":{"start":{"line":102,"column":19},"end":{"line":102,"column":42}},"35":{"start":{"line":104,"column":14},"end":{"line":104,"column":75}},"36":{"start":{"line":105,"column":2},"end":{"line":105,"column":45}},"37":{"start":{"line":109,"column":19},"end":{"line":109,"column":64}},"38":{"start":{"line":110,"column":28},"end":{"line":110,"column":82}},"39":{"start":{"line":111,"column":24},"end":{"line":111,"column":74}},"40":{"start":{"line":112,"column":22},"end":{"line":118,"column":4}},"41":{"start":{"line":119,"column":2},"end":{"line":119,"column":43}},"42":{"start":{"line":123,"column":2},"end":{"line":125,"column":3}},"43":{"start":{"line":124,"column":4},"end":{"line":124,"column":48}},"44":{"start":{"line":126,"column":22},"end":{"line":126,"column":58}},"45":{"start":{"line":127,"column":19},"end":{"line":127,"column":43}},"46":{"start":{"line":128,"column":28},"end":{"line":128,"column":53}},"47":{"start":{"line":129,"column":24},"end":{"line":129,"column":45}},"48":{"start":{"line":130,"column":2},"end":{"line":135,"column":3}},"49":{"start":{"line":139,"column":2},"end":{"line":145,"column":4}},"50":{"start":{"line":141,"column":4},"end":{"line":144,"column":5}},"51":{"start":{"line":142,"column":6},"end":{"line":142,"column":62}},"52":{"start":{"line":143,"column":6},"end":{"line":143,"column":71}}},"fnMap":{"0":{"name":"validateNote","decl":{"start":{"line":23,"column":16},"end":{"line":23,"column":28}},"loc":{"start":{"line":23,"column":49},"end":{"line":46,"column":1}},"line":23},"1":{"name":"parseNote","decl":{"start":{"line":52,"column":16},"end":{"line":52,"column":25}},"loc":{"start":{"line":52,"column":32},"end":{"line":64,"column":1}},"line":52},"2":{"name":"parseHexNote","decl":{"start":{"line":66,"column":16},"end":{"line":66,"column":28}},"loc":{"start":{"line":66,"column":38},"end":{"line":86,"column":1}},"line":66},"3":{"name":"leInt2Buff","decl":{"start":{"line":88,"column":16},"end":{"line":88,"column":26}},"loc":{"start":{"line":88,"column":34},"end":{"line":90,"column":1}},"line":88},"4":{"name":"randomBN","decl":{"start":{"line":92,"column":16},"end":{"line":92,"column":24}},"loc":{"start":{"line":92,"column":38},"end":{"line":94,"column":1}},"line":92},"5":{"name":"buffPedersenHash","decl":{"start":{"line":96,"column":16},"end":{"line":96,"column":32}},"loc":{"start":{"line":96,"column":41},"end":{"line":99,"column":1}},"line":96},"6":{"name":"toFixedHex","decl":{"start":{"line":101,"column":16},"end":{"line":101,"column":26}},"loc":{"start":{"line":101,"column":47},"end":{"line":106,"column":1}},"line":101},"7":{"name":"packEncryptedMessage","decl":{"start":{"line":108,"column":16},"end":{"line":108,"column":36}},"loc":{"start":{"line":108,"column":55},"end":{"line":120,"column":1}},"line":108},"8":{"name":"unpackEncryptedMessage","decl":{"start":{"line":122,"column":16},"end":{"line":122,"column":38}},"loc":{"start":{"line":122,"column":57},"end":{"line":136,"column":1}},"line":122},"9":{"name":"checkCommitments","decl":{"start":{"line":138,"column":16},"end":{"line":138,"column":32}},"loc":{"start":{"line":138,"column":46},"end":{"line":146,"column":1}},"line":138},"10":{"name":"(anonymous_10)","decl":{"start":{"line":139,"column":17},"end":{"line":139,"column":18}},"loc":{"start":{"line":139,"column":39},"end":{"line":145,"column":3}},"line":139}},"branchMap":{"0":{"loc":{"start":{"line":23,"column":35},"end":{"line":23,"column":47}},"type":"default-arg","locations":[{"start":{"line":23,"column":43},"end":{"line":23,"column":47}}],"line":23},"1":{"loc":{"start":{"line":24,"column":2},"end":{"line":24,"column":84}},"type":"if","locations":[{"start":{"line":24,"column":2},"end":{"line":24,"column":84}},{"start":{},"end":{}}],"line":24},"2":{"loc":{"start":{"line":27,"column":2},"end":{"line":27,"column":78}},"type":"if","locations":[{"start":{"line":27,"column":2},"end":{"line":27,"column":78}},{"start":{},"end":{}}],"line":27},"3":{"loc":{"start":{"line":30,"column":2},"end":{"line":30,"column":106}},"type":"if","locations":[{"start":{"line":30,"column":2},"end":{"line":30,"column":106}},{"start":{},"end":{}}],"line":30},"4":{"loc":{"start":{"line":30,"column":6},"end":{"line":30,"column":52}},"type":"binary-expr","locations":[{"start":{"line":30,"column":6},"end":{"line":30,"column":28}},{"start":{"line":30,"column":32},"end":{"line":30,"column":41}},{"start":{"line":30,"column":45},"end":{"line":30,"column":52}}],"line":30},"5":{"loc":{"start":{"line":31,"column":2},"end":{"line":31,"column":109}},"type":"if","locations":[{"start":{"line":31,"column":2},"end":{"line":31,"column":109}},{"start":{},"end":{}}],"line":31},"6":{"loc":{"start":{"line":31,"column":6},"end":{"line":31,"column":55}},"type":"binary-expr","locations":[{"start":{"line":31,"column":6},"end":{"line":31,"column":16}},{"start":{"line":31,"column":20},"end":{"line":31,"column":55}}],"line":31},"7":{"loc":{"start":{"line":38,"column":2},"end":{"line":40,"column":3}},"type":"if","locations":[{"start":{"line":38,"column":2},"end":{"line":40,"column":3}},{"start":{},"end":{}}],"line":38},"8":{"loc":{"start":{"line":38,"column":6},"end":{"line":38,"column":77}},"type":"binary-expr","locations":[{"start":{"line":38,"column":6},"end":{"line":38,"column":14}},{"start":{"line":38,"column":18},"end":{"line":38,"column":52}},{"start":{"line":38,"column":56},"end":{"line":38,"column":77}}],"line":38},"9":{"loc":{"start":{"line":41,"column":2},"end":{"line":43,"column":3}},"type":"if","locations":[{"start":{"line":41,"column":2},"end":{"line":43,"column":3}},{"start":{},"end":{}}],"line":41},"10":{"loc":{"start":{"line":41,"column":6},"end":{"line":41,"column":59}},"type":"binary-expr","locations":[{"start":{"line":41,"column":6},"end":{"line":41,"column":20}},{"start":{"line":41,"column":24},"end":{"line":41,"column":59}}],"line":41},"11":{"loc":{"start":{"line":54,"column":2},"end":{"line":54,"column":41}},"type":"if","locations":[{"start":{"line":54,"column":2},"end":{"line":54,"column":41}},{"start":{},"end":{}}],"line":54},"12":{"loc":{"start":{"line":92,"column":25},"end":{"line":92,"column":36}},"type":"default-arg","locations":[{"start":{"line":92,"column":34},"end":{"line":92,"column":36}}],"line":92},"13":{"loc":{"start":{"line":101,"column":34},"end":{"line":101,"column":45}},"type":"default-arg","locations":[{"start":{"line":101,"column":43},"end":{"line":101,"column":45}}],"line":101},"14":{"loc":{"start":{"line":104,"column":14},"end":{"line":104,"column":75}},"type":"cond-expr","locations":[{"start":{"line":104,"column":25},"end":{"line":104,"column":46}},{"start":{"line":104,"column":49},"end":{"line":104,"column":75}}],"line":104},"15":{"loc":{"start":{"line":123,"column":2},"end":{"line":125,"column":3}},"type":"if","locations":[{"start":{"line":123,"column":2},"end":{"line":125,"column":3}},{"start":{},"end":{}}],"line":123},"16":{"loc":{"start":{"line":138,"column":33},"end":{"line":138,"column":44}},"type":"default-arg","locations":[{"start":{"line":138,"column":42},"end":{"line":138,"column":44}}],"line":138},"17":{"loc":{"start":{"line":141,"column":4},"end":{"line":144,"column":5}},"type":"if","locations":[{"start":{"line":141,"column":4},"end":{"line":144,"column":5}},{"start":{},"end":{}}],"line":141}},"s":{"0":4,"1":4,"2":4,"3":21,"4":1,"5":20,"6":20,"7":4,"8":16,"9":16,"10":3,"11":13,"12":1,"13":12,"14":7,"15":5,"16":1,"17":4,"18":2,"19":2,"20":2,"21":0,"22":0,"23":0,"24":0,"25":0,"26":0,"27":0,"28":0,"29":0,"30":0,"31":0,"32":0,"33":0,"34":12,"35":12,"36":12,"37":0,"38":0,"39":0,"40":0,"41":0,"42":0,"43":0,"44":0,"45":0,"46":0,"47":0,"48":0,"49":0,"50":0,"51":0,"52":0},"f":{"0":21,"1":2,"2":0,"3":0,"4":0,"5":0,"6":12,"7":0,"8":0,"9":0,"10":0},"b":{"0":[19],"1":[1,20],"2":[4,16],"3":[3,13],"4":[16,15,14],"5":[1,12],"6":[13,13],"7":[7,5],"8":[12,12,6],"9":[1,4],"10":[5,2],"11":[2,0],"12":[0],"13":[8],"14":[0,12],"15":[0,0],"16":[0],"17":[0,0]},"_coverageSchema":"1a1c01bbd47fc00a2c39e90264f33305004495a9","hash":"3364c9bfbe983863aba2bd8522abbd10da526c93"}
,"/Users/lucas/Desktop/tornado-modern-classic-ui/web-react/src/utils/index.js": {"path":"/Users/lucas/Desktop/tornado-modern-classic-ui/web-react/src/utils/index.js","statementMap":{"0":{"start":{"line":9,"column":2},"end":{"line":11,"column":8}},"1":{"start":{"line":10,"column":4},"end":{"line":10,"column":87}},"2":{"start":{"line":15,"column":2},"end":{"line":15,"column":58}},"3":{"start":{"line":15,"column":34},"end":{"line":15,"column":57}},"4":{"start":{"line":19,"column":2},"end":{"line":31,"column":3}},"5":{"start":{"line":28,"column":4},"end":{"line":28,"column":15}},"6":{"start":{"line":30,"column":4},"end":{"line":30,"column":16}},"7":{"start":{"line":35,"column":2},"end":{"line":37,"column":3}},"8":{"start":{"line":36,"column":4},"end":{"line":36,"column":10}},"9":{"start":{"line":39,"column":2},"end":{"line":39,"column":20}},"10":{"start":{"line":52,"column":15},"end":{"line":52,"column":84}},"11":{"start":{"line":53,"column":2},"end":{"line":53,"column":63}}},"fnMap":{"0":{"name":"flattenNArray","decl":{"start":{"line":8,"column":16},"end":{"line":8,"column":29}},"loc":{"start":{"line":8,"column":35},"end":{"line":12,"column":1}},"line":8},"1":{"name":"(anonymous_1)","decl":{"start":{"line":9,"column":20},"end":{"line":9,"column":21}},"loc":{"start":{"line":9,"column":41},"end":{"line":11,"column":3}},"line":9},"2":{"name":"sleep","decl":{"start":{"line":14,"column":16},"end":{"line":14,"column":21}},"loc":{"start":{"line":14,"column":26},"end":{"line":16,"column":1}},"line":14},"3":{"name":"(anonymous_3)","decl":{"start":{"line":15,"column":21},"end":{"line":15,"column":22}},"loc":{"start":{"line":15,"column":34},"end":{"line":15,"column":57}},"line":15},"4":{"name":"detectMob","decl":{"start":{"line":18,"column":16},"end":{"line":18,"column":25}},"loc":{"start":{"line":18,"column":28},"end":{"line":32,"column":1}},"line":18},"5":{"name":"saveAsFile","decl":{"start":{"line":34,"column":16},"end":{"line":34,"column":26}},"loc":{"start":{"line":34,"column":39},"end":{"line":40,"column":1}},"line":34},"6":{"name":"saveNoteBackupFile","decl":{"start":{"line":51,"column":16},"end":{"line":51,"column":34}},"loc":{"start":{"line":51,"column":49},"end":{"line":54,"column":1}},"line":51}},"branchMap":{"0":{"loc":{"start":{"line":10,"column":23},"end":{"line":10,"column":86}},"type":"cond-expr","locations":[{"start":{"line":10,"column":50},"end":{"line":10,"column":74}},{"start":{"line":10,"column":77},"end":{"line":10,"column":86}}],"line":10},"1":{"loc":{"start":{"line":19,"column":2},"end":{"line":31,"column":3}},"type":"if","locations":[{"start":{"line":19,"column":2},"end":{"line":31,"column":3}},{"start":{"line":29,"column":9},"end":{"line":31,"column":3}}],"line":19},"2":{"loc":{"start":{"line":20,"column":4},"end":{"line":26,"column":47}},"type":"binary-expr","locations":[{"start":{"line":20,"column":4},"end":{"line":20,"column":41}},{"start":{"line":21,"column":4},"end":{"line":21,"column":39}},{"start":{"line":22,"column":4},"end":{"line":22,"column":40}},{"start":{"line":23,"column":4},"end":{"line":23,"column":38}},{"start":{"line":24,"column":4},"end":{"line":24,"column":38}},{"start":{"line":25,"column":4},"end":{"line":25,"column":44}},{"start":{"line":26,"column":4},"end":{"line":26,"column":47}}],"line":20},"3":{"loc":{"start":{"line":35,"column":2},"end":{"line":37,"column":3}},"type":"if","locations":[{"start":{"line":35,"column":2},"end":{"line":37,"column":3}},{"start":{},"end":{}}],"line":35}},"s":{"0":0,"1":0,"2":0,"3":0,"4":0,"5":0,"6":0,"7":0,"8":0,"9":0,"10":0,"11":0},"f":{"0":0,"1":0,"2":0,"3":0,"4":0,"5":0,"6":0},"b":{"0":[0,0],"1":[0,0],"2":[0,0,0,0,0,0,0],"3":[0,0]},"_coverageSchema":"1a1c01bbd47fc00a2c39e90264f33305004495a9","hash":"7816217965da4c96ebbd95228cc1dc4759c74ad3"}
,"/Users/lucas/Desktop/tornado-modern-classic-ui/web-react/src/utils/instanceUtils.js": {"path":"/Users/lucas/Desktop/tornado-modern-classic-ui/web-react/src/utils/instanceUtils.js","statementMap":{"0":{"start":{"line":4,"column":21},"end":{"line":4,"column":51}},"1":{"start":{"line":6,"column":2},"end":{"line":15,"column":3}},"2":{"start":{"line":7,"column":4},"end":{"line":14,"column":5}},"3":{"start":{"line":8,"column":6},"end":{"line":13,"column":7}},"4":{"start":{"line":9,"column":8},"end":{"line":12,"column":9}}},"fnMap":{"0":{"name":"getInstanceByAddress","decl":{"start":{"line":3,"column":16},"end":{"line":3,"column":36}},"loc":{"start":{"line":3,"column":57},"end":{"line":16,"column":1}},"line":3}},"branchMap":{"0":{"loc":{"start":{"line":8,"column":6},"end":{"line":13,"column":7}},"type":"if","locations":[{"start":{"line":8,"column":6},"end":{"line":13,"column":7}},{"start":{},"end":{}}],"line":8}},"s":{"0":0,"1":0,"2":0,"3":0,"4":0},"f":{"0":0},"b":{"0":[0,0]},"_coverageSchema":"1a1c01bbd47fc00a2c39e90264f33305004495a9","hash":"50687b4b1dd102d93fe4c48c6bca5d02516148b8"}
,"/Users/lucas/Desktop/tornado-modern-classic-ui/web-react/src/utils/stringUtils.js": {"path":"/Users/lucas/Desktop/tornado-modern-classic-ui/web-react/src/utils/stringUtils.js","statementMap":{"0":{"start":{"line":2,"column":2},"end":{"line":2,"column":57}},"1":{"start":{"line":5,"column":26},"end":{"line":7,"column":1}},"2":{"start":{"line":6,"column":2},"end":{"line":6,"column":60}},"3":{"start":{"line":9,"column":28},"end":{"line":11,"column":1}},"4":{"start":{"line":10,"column":2},"end":{"line":10,"column":44}},"5":{"start":{"line":13,"column":20},"end":{"line":13,"column":254}},"6":{"start":{"line":15,"column":36},"end":{"line":18,"column":1}},"7":{"start":{"line":16,"column":21},"end":{"line":16,"column":46}},"8":{"start":{"line":17,"column":2},"end":{"line":17,"column":15}}},"fnMap":{"0":{"name":"capitalizeFirstLetter","decl":{"start":{"line":1,"column":16},"end":{"line":1,"column":37}},"loc":{"start":{"line":1,"column":46},"end":{"line":3,"column":1}},"line":1},"1":{"name":"(anonymous_1)","decl":{"start":{"line":5,"column":26},"end":{"line":5,"column":27}},"loc":{"start":{"line":5,"column":65},"end":{"line":7,"column":1}},"line":5},"2":{"name":"(anonymous_2)","decl":{"start":{"line":9,"column":28},"end":{"line":9,"column":29}},"loc":{"start":{"line":9,"column":41},"end":{"line":11,"column":1}},"line":9},"3":{"name":"(anonymous_3)","decl":{"start":{"line":15,"column":36},"end":{"line":15,"column":37}},"loc":{"start":{"line":15,"column":49},"end":{"line":18,"column":1}},"line":15}},"branchMap":{"0":{"loc":{"start":{"line":5,"column":33},"end":{"line":5,"column":41}},"type":"default-arg","locations":[{"start":{"line":5,"column":40},"end":{"line":5,"column":41}}],"line":5},"1":{"loc":{"start":{"line":5,"column":43},"end":{"line":5,"column":60}},"type":"default-arg","locations":[{"start":{"line":5,"column":55},"end":{"line":5,"column":60}}],"line":5}},"s":{"0":0,"1":3,"2":0,"3":3,"4":0,"5":3,"6":3,"7":4,"8":4},"f":{"0":0,"1":0,"2":0,"3":4},"b":{"0":[0],"1":[0]},"_coverageSchema":"1a1c01bbd47fc00a2c39e90264f33305004495a9","hash":"e93358c597b3ac66bee637aa1ae86942125668e1"}
}
