TN:
SF:src/networkConfig.js
FNF:0
FNH:0
DA:1,4
DA:2,4
LF:2
LH:2
BRF:0
BRH:0
end_of_record
TN:
SF:src/constants/index.js
FNF:0
FNH:0
LF:0
LH:0
BRF:0
BRH:0
end_of_record
TN:
SF:src/constants/variables.js
FNF:0
FNH:0
DA:1,6
DA:2,6
DA:4,6
DA:9,6
DA:11,6
DA:13,6
DA:19,6
LF:7
LH:7
BRF:0
BRH:0
end_of_record
TN:
SF:src/lib/rpcSelect.ts
FN:17,(anonymous_0)
FN:25,(anonymous_1)
FN:28,(anonymous_2)
FN:29,(anonymous_3)
FN:37,(anonymous_4)
FN:47,(anonymous_5)
FN:51,(anonymous_6)
FN:68,(anonymous_7)
FN:74,(anonymous_8)
FN:81,(anonymous_9)
FN:91,(anonymous_10)
FN:96,(anonymous_11)
FN:111,(anonymous_12)
FNF:13
FNH:11
FNDA:3,(anonymous_0)
FNDA:4,(anonymous_1)
FNDA:4,(anonymous_2)
FNDA:0,(anonymous_3)
FNDA:4,(anonymous_4)
FNDA:3,(anonymous_5)
FNDA:6,(anonymous_6)
FNDA:3,(anonymous_7)
FNDA:3,(anonymous_8)
FNDA:3,(anonymous_9)
FNDA:1,(anonymous_10)
FNDA:1,(anonymous_11)
FNDA:0,(anonymous_12)
DA:11,1
DA:12,1
DA:13,1
DA:14,1
DA:15,1
DA:17,1
DA:18,3
DA:19,3
DA:21,0
DA:25,1
DA:27,4
DA:28,4
DA:29,4
DA:31,4
DA:33,4
DA:37,1
DA:38,4
DA:39,4
DA:40,4
DA:41,4
DA:43,0
DA:47,1
DA:48,3
DA:49,3
DA:50,3
DA:51,6
DA:52,3
DA:54,3
DA:55,4
DA:61,0
DA:68,1
DA:69,3
DA:71,3
DA:72,3
DA:73,3
DA:75,3
DA:76,1
DA:78,2
DA:79,2
DA:82,3
DA:86,3
DA:91,1
DA:96,1
DA:97,1
DA:98,1
DA:99,1
DA:100,1
DA:111,1
DA:116,0
DA:117,0
DA:118,0
DA:119,0
DA:120,0
DA:121,0
DA:123,0
LF:55
LH:45
BRDA:19,0,0,3
BRDA:19,0,1,3
BRDA:25,1,0,4
BRDA:33,2,0,4
BRDA:33,2,1,0
BRDA:52,3,0,0
BRDA:52,3,1,3
BRDA:55,4,0,3
BRDA:55,4,1,1
BRDA:69,5,0,0
BRDA:69,5,1,3
BRDA:71,6,0,3
BRDA:71,6,1,0
BRDA:72,7,0,3
BRDA:72,7,1,3
BRDA:75,8,0,1
BRDA:75,8,1,2
BRDA:75,9,0,3
BRDA:75,9,1,2
BRDA:76,10,0,1
BRDA:76,10,1,0
BRDA:97,11,0,1
BRDA:97,11,1,1
BRDA:114,12,0,0
BRDA:120,13,0,0
BRDA:120,13,1,0
BRDA:120,14,0,0
BRDA:120,14,1,0
BRF:28
BRH:18
end_of_record
TN:
SF:src/services/accountNoteDecryptFlow.js
FN:9,(anonymous_0)
FN:26,(anonymous_1)
FN:31,(anonymous_2)
FN:48,(anonymous_3)
FN:59,(anonymous_4)
FN:95,(anonymous_5)
FN:141,(anonymous_6)
FN:157,(anonymous_7)
FN:171,(anonymous_8)
FN:172,(anonymous_9)
FN:181,(anonymous_10)
FN:199,(anonymous_11)
FN:213,(anonymous_12)
FN:214,(anonymous_13)
FNF:14
FNH:14
FNDA:4,(anonymous_0)
FNDA:4,(anonymous_1)
FNDA:6,(anonymous_2)
FNDA:4,(anonymous_3)
FNDA:3,(anonymous_4)
FNDA:3,(anonymous_5)
FNDA:3,(anonymous_6)
FNDA:5,(anonymous_7)
FNDA:2,(anonymous_8)
FNDA:2,(anonymous_9)
FNDA:5,(anonymous_10)
FNDA:3,(anonymous_11)
FNDA:1,(anonymous_12)
FNDA:2,(anonymous_13)
DA:7,1
DA:9,1
DA:10,4
DA:12,4
DA:13,7
DA:14,7
DA:15,7
DA:16,6
DA:19,1
DA:23,4
DA:26,1
DA:27,4
DA:28,4
DA:29,4
DA:31,4
DA:32,6
DA:33,5
DA:34,4
DA:35,4
DA:41,5
DA:45,4
DA:48,1
DA:49,4
DA:50,4
DA:52,4
DA:53,6
DA:56,4
DA:59,1
DA:60,3
DA:62,3
DA:68,3
DA:69,0
DA:72,3
DA:78,3
DA:95,1
DA:102,3
DA:104,3
DA:105,3
DA:107,3
DA:121,3
DA:122,0
DA:124,0
DA:125,0
DA:126,0
DA:127,0
DA:131,3
DA:133,0
DA:141,1
DA:151,3
DA:153,3
DA:154,1
DA:157,3
DA:158,5
DA:159,5
DA:160,2
DA:162,3
DA:163,3
DA:164,2
DA:166,3
DA:169,3
DA:171,2
DA:172,2
DA:176,3
DA:177,3
DA:179,3
DA:180,3
DA:181,3
DA:182,5
DA:183,5
DA:184,2
DA:186,3
DA:187,3
DA:190,3
DA:192,3
DA:193,1
DA:196,3
DA:200,3
DA:204,3
DA:206,0
DA:210,3
DA:213,1
DA:214,2
LF:82
LH:74
BRDA:32,0,0,5
BRDA:32,0,1,1
BRDA:33,1,0,4
BRDA:33,1,1,1
BRDA:48,2,0,3
BRDA:68,3,0,0
BRDA:68,3,1,3
BRDA:113,4,0,0
BRDA:113,4,1,3
BRDA:114,5,0,0
BRDA:114,5,1,3
BRDA:121,6,0,0
BRDA:121,6,1,3
BRDA:121,7,0,3
BRDA:121,7,1,3
BRDA:124,8,0,0
BRDA:124,8,1,0
BRDA:153,9,0,1
BRDA:153,9,1,2
BRDA:159,10,0,2
BRDA:159,10,1,3
BRDA:163,11,0,2
BRDA:163,11,1,1
BRDA:183,12,0,2
BRDA:183,12,1,3
BRDA:192,13,0,1
BRDA:192,13,1,2
BRF:27
BRH:21
end_of_record
TN:
SF:src/services/bloom.js
FN:7,(anonymous_0)
FN:15,(anonymous_1)
FN:27,(anonymous_2)
FN:45,(anonymous_3)
FN:56,(anonymous_4)
FN:67,(anonymous_5)
FN:83,(anonymous_6)
FNF:7
FNH:3
FNDA:1,(anonymous_0)
FNDA:0,(anonymous_1)
FNDA:1,(anonymous_2)
FNDA:0,(anonymous_3)
FNDA:1,(anonymous_4)
FNDA:0,(anonymous_5)
FNDA:0,(anonymous_6)
DA:8,1
DA:9,1
DA:10,1
DA:12,1
DA:16,0
DA:20,0
DA:21,0
DA:24,0
DA:28,1
DA:29,1
DA:33,1
DA:34,1
DA:37,0
DA:39,0
DA:41,0
DA:46,0
DA:47,0
DA:48,0
DA:50,0
DA:52,0
DA:57,1
DA:58,1
DA:59,1
DA:61,1
DA:62,1
DA:64,0
DA:68,0
DA:69,0
DA:78,0
DA:83,1
LF:30
LH:14
BRDA:20,0,0,0
BRDA:20,0,1,0
BRDA:33,1,0,1
BRDA:33,1,1,0
BRDA:33,2,0,1
BRDA:33,2,1,1
BRDA:58,3,0,1
BRDA:58,3,1,0
BRDA:61,4,0,1
BRDA:61,4,1,0
BRDA:61,5,0,1
BRDA:61,5,1,0
BRF:12
BRH:6
end_of_record
TN:
SF:src/services/depositFlow.js
FN:12,(anonymous_0)
FN:17,(anonymous_1)
FN:39,(anonymous_2)
FN:55,(anonymous_3)
FNF:4
FNH:4
FNDA:3,(anonymous_0)
FNDA:1,(anonymous_1)
FNDA:2,(anonymous_2)
FNDA:1,(anonymous_3)
DA:12,1
DA:13,3
DA:14,2
DA:17,1
DA:24,1
DA:26,1
DA:27,0
DA:30,1
DA:32,1
DA:33,1
DA:36,1
DA:39,1
DA:55,1
DA:57,2
DA:58,0
DA:61,2
DA:62,2
DA:64,2
DA:65,0
DA:68,2
DA:76,2
DA:77,2
DA:78,2
DA:79,2
DA:81,2
DA:82,1
DA:85,2
DA:86,2
DA:87,2
DA:93,2
DA:94,2
DA:95,2
DA:106,2
DA:107,2
DA:121,2
DA:122,1
DA:130,1
LF:37
LH:34
BRDA:21,0,0,1
BRDA:22,1,0,0
BRDA:26,2,0,0
BRDA:26,2,1,1
BRDA:32,3,0,1
BRDA:32,3,1,0
BRDA:53,4,0,2
BRDA:54,5,0,2
BRDA:55,6,0,1
BRDA:57,7,0,0
BRDA:57,7,1,2
BRDA:64,8,0,0
BRDA:64,8,1,2
BRDA:78,9,0,2
BRDA:78,9,1,0
BRDA:81,10,0,1
BRDA:81,10,1,1
BRDA:94,11,0,1
BRDA:94,11,1,1
BRDA:121,12,0,1
BRDA:121,12,1,1
BRDA:125,13,0,0
BRDA:125,13,1,1
BRDA:126,14,0,0
BRDA:126,14,1,1
BRF:25
BRH:17
end_of_record
TN:
SF:src/services/depositLookup.ts
FN:35,(anonymous_0)
FN:47,(anonymous_1)
FN:59,(anonymous_2)
FN:73,(anonymous_3)
FN:108,(anonymous_4)
FN:162,(anonymous_5)
FNF:6
FNH:6
FNDA:1,(anonymous_0)
FNDA:3,(anonymous_1)
FNDA:2,(anonymous_2)
FNDA:6,(anonymous_3)
FNDA:5,(anonymous_4)
FNDA:1,(anonymous_5)
DA:35,1
DA:42,1
DA:47,1
DA:54,3
DA:59,1
DA:66,2
DA:69,1
DA:70,1
DA:73,1
DA:78,6
DA:79,6
DA:80,6
DA:81,6
DA:83,6
DA:84,1
DA:87,6
DA:88,6
DA:89,19
DA:91,6
DA:92,6
DA:93,6
DA:95,6
DA:96,5
DA:98,6
DA:100,6
DA:101,1
DA:104,6
DA:108,1
DA:109,5
DA:110,5
DA:111,5
DA:112,5
DA:114,5
DA:115,5
DA:116,0
DA:119,5
DA:120,0
DA:123,5
DA:124,5
DA:125,1
DA:128,4
DA:129,4
DA:131,4
DA:132,0
DA:134,4
DA:135,0
DA:137,4
DA:138,1
DA:141,3
DA:142,51
DA:145,3
DA:147,3
DA:148,0
DA:151,3
DA:162,1
DA:171,1
DA:172,1
DA:174,1
LF:58
LH:53
BRDA:76,0,0,3
BRDA:81,1,0,6
BRDA:81,1,1,0
BRDA:83,2,0,1
BRDA:83,2,1,5
BRDA:92,3,0,6
BRDA:92,3,1,0
BRDA:95,4,0,5
BRDA:95,4,1,1
BRDA:95,5,0,6
BRDA:95,5,1,6
BRDA:98,6,0,1
BRDA:98,6,1,5
BRDA:100,7,0,1
BRDA:100,7,1,5
BRDA:112,8,0,5
BRDA:112,8,1,0
BRDA:115,9,0,0
BRDA:115,9,1,5
BRDA:119,10,0,0
BRDA:119,10,1,5
BRDA:124,11,0,1
BRDA:124,11,1,4
BRDA:131,12,0,0
BRDA:131,12,1,4
BRDA:134,13,0,0
BRDA:134,13,1,4
BRDA:137,14,0,1
BRDA:137,14,1,3
BRDA:147,15,0,0
BRDA:147,15,1,3
BRDA:171,16,0,1
BRDA:171,16,1,0
BRF:33
BRH:24
end_of_record
TN:
SF:src/services/eventLoader.js
FN:4,(anonymous_0)
FN:10,(anonymous_1)
FN:39,(anonymous_2)
FNF:3
FNH:3
FNDA:1,(anonymous_0)
FNDA:2,(anonymous_1)
FNDA:2,(anonymous_2)
DA:4,1
DA:5,1
DA:7,1
DA:10,1
DA:19,2
DA:20,2
DA:22,2
DA:23,1
DA:30,2
DA:39,1
DA:40,2
DA:44,2
DA:46,2
DA:48,2
LF:14
LH:14
BRDA:22,0,0,1
BRDA:22,0,1,1
BRDA:22,1,0,2
BRDA:22,1,1,1
BRDA:35,2,0,2
BRDA:35,2,1,0
BRDA:44,3,0,0
BRDA:44,3,1,2
BRDA:50,4,0,1
BRDA:50,4,1,1
BRF:10
BRH:8
end_of_record
TN:
SF:src/services/eventSync.js
FN:1,createBlockRanges
FN:12,(anonymous_1)
FN:24,getPersistedEventCursor
FN:28,getNextSyncBlock
FN:33,clampEventCursor
FN:43,splitGraphPage
FN:54,(anonymous_6)
FN:67,mergeEventStreams
FN:71,(anonymous_8)
FNF:9
FNH:9
FNDA:1,createBlockRanges
FNDA:2,(anonymous_1)
FNDA:1,getPersistedEventCursor
FNDA:3,getNextSyncBlock
FNDA:2,clampEventCursor
FNDA:3,splitGraphPage
FNDA:2000,(anonymous_6)
FNDA:1,mergeEventStreams
FNDA:3,(anonymous_8)
DA:10,1
DA:12,1
DA:13,2
DA:14,2
DA:16,2
DA:20,2
DA:25,1
DA:29,3
DA:30,3
DA:34,2
DA:35,2
DA:37,2
DA:38,2
DA:40,2
DA:44,3
DA:45,0
DA:48,3
DA:49,1
DA:52,2
DA:53,2
DA:54,2000
DA:56,2
DA:61,1
DA:64,1
DA:68,1
DA:69,1
DA:71,1
DA:72,3
DA:79,3
DA:80,2
DA:81,2
LF:31
LH:30
BRDA:16,0,0,1
BRDA:16,0,1,1
BRDA:25,1,0,1
BRDA:25,1,1,0
BRDA:30,2,0,2
BRDA:30,2,1,1
BRDA:37,3,0,0
BRDA:37,3,1,2
BRDA:38,4,0,0
BRDA:38,4,1,2
BRDA:43,5,0,3
BRDA:44,6,0,0
BRDA:44,6,1,3
BRDA:44,7,0,3
BRDA:44,7,1,3
BRDA:48,8,0,1
BRDA:48,8,1,2
BRDA:56,9,0,1
BRDA:56,9,1,1
BRDA:57,10,0,2
BRDA:57,10,1,2
BRDA:57,10,2,2
BRDA:57,10,3,1
BRDA:73,11,0,3
BRDA:73,11,1,0
BRDA:74,12,0,3
BRDA:74,12,1,0
BRDA:74,12,2,0
BRDA:75,13,0,3
BRDA:75,13,1,0
BRDA:76,14,0,3
BRDA:76,14,1,0
BRDA:79,15,0,1
BRDA:79,15,1,2
BRF:34
BRH:25
end_of_record
TN:
SF:src/services/events.js
FN:19,(anonymous_0)
FN:36,(anonymous_1)
FN:40,(anonymous_2)
FN:44,(anonymous_3)
FN:54,(anonymous_4)
FN:71,(anonymous_5)
FN:87,(anonymous_6)
FN:102,(anonymous_7)
FN:114,(anonymous_8)
FN:119,(anonymous_9)
FN:140,(anonymous_10)
FN:146,(anonymous_11)
FN:176,(anonymous_12)
FN:206,(anonymous_13)
FN:223,(anonymous_14)
FN:232,(anonymous_15)
FN:233,(anonymous_16)
FN:239,(anonymous_17)
FN:240,(anonymous_18)
FN:256,(anonymous_19)
FN:258,(anonymous_20)
FN:259,(anonymous_21)
FN:268,(anonymous_22)
FN:298,(anonymous_23)
FN:300,(anonymous_24)
FN:301,(anonymous_25)
FN:302,(anonymous_26)
FN:303,(anonymous_27)
FN:315,(anonymous_28)
FN:346,(anonymous_29)
FN:347,(anonymous_30)
FN:355,(anonymous_31)
FN:378,(anonymous_32)
FN:396,(anonymous_33)
FN:419,(anonymous_34)
FN:448,(anonymous_35)
FN:457,(anonymous_36)
FN:461,(anonymous_37)
FN:465,(anonymous_38)
FN:486,(anonymous_39)
FNF:40
FNH:5
FNDA:2,(anonymous_0)
FNDA:1,(anonymous_1)
FNDA:0,(anonymous_2)
FNDA:0,(anonymous_3)
FNDA:0,(anonymous_4)
FNDA:0,(anonymous_5)
FNDA:0,(anonymous_6)
FNDA:0,(anonymous_7)
FNDA:0,(anonymous_8)
FNDA:0,(anonymous_9)
FNDA:2,(anonymous_10)
FNDA:1,(anonymous_11)
FNDA:0,(anonymous_12)
FNDA:0,(anonymous_13)
FNDA:0,(anonymous_14)
FNDA:0,(anonymous_15)
FNDA:0,(anonymous_16)
FNDA:0,(anonymous_17)
FNDA:0,(anonymous_18)
FNDA:0,(anonymous_19)
FNDA:0,(anonymous_20)
FNDA:0,(anonymous_21)
FNDA:0,(anonymous_22)
FNDA:0,(anonymous_23)
FNDA:0,(anonymous_24)
FNDA:0,(anonymous_25)
FNDA:0,(anonymous_26)
FNDA:0,(anonymous_27)
FNDA:0,(anonymous_28)
FNDA:0,(anonymous_29)
FNDA:0,(anonymous_30)
FNDA:0,(anonymous_31)
FNDA:0,(anonymous_32)
FNDA:1,(anonymous_33)
FNDA:0,(anonymous_34)
FNDA:0,(anonymous_35)
FNDA:0,(anonymous_36)
FNDA:0,(anonymous_37)
FNDA:0,(anonymous_38)
FNDA:0,(anonymous_39)
DA:20,2
DA:22,2
DA:23,2
DA:25,2
DA:26,2
DA:27,2
DA:29,2
DA:30,2
DA:32,2
DA:33,2
DA:37,1
DA:41,0
DA:45,0
DA:47,0
DA:48,0
DA:51,0
DA:55,0
DA:57,0
DA:59,0
DA:61,0
DA:62,0
DA:65,0
DA:71,0
DA:72,0
DA:73,0
DA:75,0
DA:78,0
DA:80,0
DA:82,0
DA:88,0
DA:90,0
DA:96,0
DA:97,0
DA:100,0
DA:101,0
DA:102,0
DA:103,0
DA:104,0
DA:108,0
DA:109,0
DA:110,0
DA:113,0
DA:114,0
DA:116,0
DA:120,0
DA:121,0
DA:124,0
DA:125,0
DA:126,0
DA:127,0
DA:128,0
DA:134,0
DA:136,0
DA:141,2
DA:142,2
DA:143,2
DA:147,1
DA:148,1
DA:149,1
DA:150,0
DA:151,0
DA:154,1
DA:158,1
DA:159,1
DA:161,1
DA:167,0
DA:172,0
DA:177,0
DA:178,0
DA:179,0
DA:188,0
DA:189,0
DA:197,0
DA:202,0
DA:207,0
DA:208,0
DA:214,0
DA:219,0
DA:224,0
DA:226,0
DA:233,0
DA:234,0
DA:239,0
DA:241,0
DA:245,0
DA:246,0
DA:247,0
DA:249,0
DA:253,0
DA:254,0
DA:256,0
DA:257,0
DA:258,0
DA:259,0
DA:262,0
DA:269,0
DA:270,0
DA:271,0
DA:273,0
DA:277,0
DA:278,0
DA:280,0
DA:281,0
DA:286,0
DA:288,0
DA:294,0
DA:299,0
DA:301,0
DA:302,0
DA:303,0
DA:304,0
DA:305,0
DA:307,0
DA:316,0
DA:317,0
DA:319,0
DA:320,0
DA:322,0
DA:323,0
DA:325,0
DA:326,0
DA:328,0
DA:329,0
DA:331,0
DA:332,0
DA:333,0
DA:334,0
DA:343,0
DA:344,0
DA:346,0
DA:347,0
DA:348,0
DA:350,0
DA:352,0
DA:353,0
DA:354,0
DA:355,0
DA:357,0
DA:358,0
DA:360,0
DA:363,0
DA:366,0
DA:371,0
DA:374,0
DA:379,0
DA:380,0
DA:384,0
DA:385,0
DA:387,0
DA:390,0
DA:392,0
DA:397,1
DA:398,1
DA:399,1
DA:400,1
DA:401,1
DA:403,1
DA:404,0
DA:405,0
DA:410,1
DA:411,1
DA:413,0
DA:415,0
DA:420,0
DA:421,0
DA:422,0
DA:425,0
DA:427,0
DA:428,0
DA:434,0
DA:442,0
DA:449,0
DA:450,0
DA:452,0
DA:453,0
DA:454,0
DA:458,0
DA:462,0
DA:466,0
DA:468,0
DA:469,0
DA:472,0
DA:479,0
DA:480,0
DA:484,1
DA:486,1
DA:487,0
DA:488,0
DA:490,0
LF:189
LH:31
BRDA:33,0,0,2
BRDA:33,0,1,2
BRDA:47,1,0,0
BRDA:47,1,1,0
BRDA:47,2,0,0
BRDA:47,2,1,0
BRDA:57,3,0,0
BRDA:57,3,1,0
BRDA:61,4,0,0
BRDA:61,4,1,0
BRDA:61,5,0,0
BRDA:61,5,1,0
BRDA:71,6,0,0
BRDA:71,6,1,0
BRDA:71,7,0,0
BRDA:71,7,1,0
BRDA:72,8,0,0
BRDA:72,8,1,0
BRDA:72,9,0,0
BRDA:72,9,1,0
BRDA:78,10,0,0
BRDA:78,10,1,0
BRDA:78,10,2,0
BRDA:96,11,0,0
BRDA:96,11,1,0
BRDA:101,12,0,0
BRDA:101,12,1,0
BRDA:103,13,0,0
BRDA:103,13,1,0
BRDA:109,14,0,0
BRDA:109,14,1,0
BRDA:114,15,0,0
BRDA:114,15,1,0
BRDA:120,16,0,0
BRDA:120,16,1,0
BRDA:120,17,0,0
BRDA:120,17,1,0
BRDA:149,18,0,0
BRDA:149,18,1,1
BRDA:158,19,0,1
BRDA:158,19,1,0
BRDA:163,20,0,0
BRDA:163,20,1,1
BRDA:188,21,0,0
BRDA:188,21,1,0
BRDA:188,22,0,0
BRDA:188,22,1,0
BRDA:189,23,0,0
BRDA:189,23,1,0
BRDA:232,24,0,0
BRDA:232,25,0,0
BRDA:245,26,0,0
BRDA:245,26,1,0
BRDA:253,27,0,0
BRDA:253,27,1,0
BRDA:268,28,0,0
BRDA:273,29,0,0
BRDA:273,29,1,0
BRDA:277,30,0,0
BRDA:277,30,1,0
BRDA:280,31,0,0
BRDA:280,31,1,0
BRDA:282,32,0,0
BRDA:282,32,1,0
BRDA:304,33,0,0
BRDA:304,33,1,0
BRDA:323,34,0,0
BRDA:323,34,1,0
BRDA:328,35,0,0
BRDA:328,35,1,0
BRDA:333,36,0,0
BRDA:333,36,1,0
BRDA:352,37,0,0
BRDA:352,37,1,0
BRDA:352,38,0,0
BRDA:352,38,1,0
BRDA:357,39,0,0
BRDA:357,39,1,0
BRDA:384,40,0,0
BRDA:384,40,1,0
BRDA:400,41,0,0
BRDA:400,41,1,1
BRDA:403,42,0,0
BRDA:403,42,1,1
BRDA:404,43,0,0
BRDA:404,43,1,0
BRDA:404,44,0,0
BRDA:404,44,1,0
BRDA:410,45,0,1
BRDA:410,45,1,0
BRDA:410,46,0,1
BRDA:410,46,1,1
BRDA:410,46,2,0
BRDA:421,47,0,0
BRDA:421,47,1,0
BRDA:427,48,0,0
BRDA:427,48,1,0
BRDA:468,49,0,0
BRDA:468,49,1,0
BRDA:487,50,0,0
BRDA:487,50,1,0
BRF:101
BRH:10
end_of_record
TN:
SF:src/services/merkleTree.js
FN:13,(anonymous_0)
FN:30,(anonymous_1)
FN:34,(anonymous_2)
FN:43,(anonymous_3)
FN:55,(anonymous_4)
FN:64,(anonymous_5)
FN:102,(anonymous_6)
FN:156,(anonymous_7)
FN:167,(anonymous_8)
FN:184,(anonymous_9)
FN:188,(anonymous_10)
FNF:11
FNH:4
FNDA:1,(anonymous_0)
FNDA:0,(anonymous_1)
FNDA:0,(anonymous_2)
FNDA:0,(anonymous_3)
FNDA:0,(anonymous_4)
FNDA:0,(anonymous_5)
FNDA:0,(anonymous_6)
FNDA:1,(anonymous_7)
FNDA:0,(anonymous_8)
FNDA:2,(anonymous_9)
FNDA:2,(anonymous_10)
DA:10,1
DA:14,1
DA:15,1
DA:16,1
DA:17,1
DA:19,1
DA:21,1
DA:31,0
DA:35,0
DA:37,0
DA:44,0
DA:48,0
DA:49,0
DA:52,0
DA:56,0
DA:58,0
DA:65,0
DA:66,0
DA:68,0
DA:70,0
DA:71,0
DA:74,0
DA:76,0
DA:77,0
DA:81,0
DA:83,0
DA:84,0
DA:86,0
DA:87,0
DA:89,0
DA:90,0
DA:94,0
DA:96,0
DA:98,0
DA:103,0
DA:104,0
DA:108,0
DA:109,0
DA:112,0
DA:113,0
DA:114,0
DA:116,0
DA:120,0
DA:121,0
DA:122,0
DA:125,0
DA:126,0
DA:128,0
DA:130,0
DA:132,0
DA:133,0
DA:135,0
DA:136,0
DA:137,0
DA:140,0
DA:141,0
DA:145,0
DA:150,0
DA:152,0
DA:157,1
DA:159,1
DA:161,1
DA:162,0
DA:164,1
DA:168,0
DA:169,0
DA:178,0
DA:185,2
DA:189,2
DA:190,2
DA:191,1
DA:194,1
DA:195,1
DA:196,1
DA:200,1
LF:75
LH:19
BRDA:30,0,0,0
BRDA:48,1,0,0
BRDA:48,1,1,0
BRDA:70,2,0,0
BRDA:70,2,1,0
BRDA:76,3,0,0
BRDA:76,3,1,0
BRDA:89,4,0,0
BRDA:89,4,1,0
BRDA:108,5,0,0
BRDA:108,5,1,0
BRDA:108,6,0,0
BRDA:108,6,1,0
BRDA:116,7,0,0
BRDA:116,7,1,0
BRDA:120,8,0,0
BRDA:120,8,1,0
BRDA:125,9,0,0
BRDA:125,9,1,0
BRDA:125,10,0,0
BRDA:125,10,1,0
BRDA:128,11,0,0
BRDA:128,11,1,0
BRDA:135,12,0,0
BRDA:135,12,1,0
BRDA:140,13,0,0
BRDA:140,13,1,0
BRDA:161,14,0,0
BRDA:161,14,1,1
BRDA:161,15,0,1
BRDA:161,15,1,0
BRDA:190,16,0,1
BRDA:190,16,1,1
BRF:33
BRH:4
end_of_record
TN:
SF:src/services/mimc.js
FN:4,(anonymous_0)
FN:10,(anonymous_1)
FN:12,(anonymous_2)
FNF:3
FNH:2
FNDA:1,(anonymous_0)
FNDA:1,(anonymous_1)
FNDA:0,(anonymous_2)
DA:5,1
DA:6,1
DA:7,1
DA:11,1
DA:12,0
DA:16,1
LF:6
LH:5
BRF:0
BRH:0
end_of_record
TN:
SF:src/services/pedersen.js
FN:4,(anonymous_0)
FN:10,(anonymous_1)
FN:15,(anonymous_2)
FN:19,(anonymous_3)
FNF:4
FNH:2
FNDA:3,(anonymous_0)
FNDA:3,(anonymous_1)
FNDA:0,(anonymous_2)
FNDA:0,(anonymous_3)
DA:5,3
DA:6,3
DA:7,3
DA:11,3
DA:12,0
DA:16,0
DA:20,0
DA:24,3
LF:8
LH:5
BRF:0
BRH:0
end_of_record
TN:
SF:src/services/proof.js
FN:8,(anonymous_0)
FN:10,(anonymous_1)
FN:15,(anonymous_2)
FN:37,(anonymous_3)
FN:44,(anonymous_4)
FNF:5
FNH:2
FNDA:0,(anonymous_0)
FNDA:0,(anonymous_1)
FNDA:0,(anonymous_2)
FNDA:2,(anonymous_3)
FNDA:2,(anonymous_4)
DA:8,1
DA:9,0
DA:10,0
DA:12,0
DA:15,1
DA:25,0
DA:37,1
DA:44,2
DA:45,2
DA:46,2
DA:48,2
DA:49,2
DA:50,2
DA:51,2
DA:55,1
LF:15
LH:11
BRDA:9,0,0,0
BRDA:9,0,1,0
BRDA:10,1,0,0
BRDA:10,1,1,0
BRDA:37,2,0,1
BRDA:38,3,0,1
BRDA:39,4,0,1
BRDA:46,5,0,1
BRDA:46,5,1,1
BRDA:48,6,0,2
BRDA:48,6,1,0
BRF:11
BRH:6
end_of_record
TN:
SF:src/services/protocolDto.ts
FN:3,(anonymous_0)
FN:11,(anonymous_1)
FN:26,(anonymous_2)
FN:45,(anonymous_3)
FN:92,(anonymous_4)
FN:135,(anonymous_5)
FN:170,(anonymous_6)
FN:217,(anonymous_7)
FN:265,(anonymous_8)
FN:291,(anonymous_9)
FNF:10
FNH:10
FNDA:50,(anonymous_0)
FNDA:16,(anonymous_1)
FNDA:9,(anonymous_2)
FNDA:3,(anonymous_3)
FNDA:6,(anonymous_4)
FNDA:1,(anonymous_5)
FNDA:5,(anonymous_6)
FNDA:6,(anonymous_7)
FNDA:7,(anonymous_8)
FNDA:1,(anonymous_9)
DA:3,3
DA:4,50
DA:5,1
DA:8,49
DA:11,3
DA:12,16
DA:13,16
DA:14,3
DA:16,13
DA:26,3
DA:27,9
DA:28,9
DA:30,9
DA:31,3
DA:34,6
DA:45,3
DA:46,3
DA:47,3
DA:49,3
DA:57,1
DA:60,2
DA:92,3
DA:99,6
DA:100,6
DA:101,6
DA:103,6
DA:104,1
DA:107,5
DA:135,3
DA:143,1
DA:170,3
DA:176,5
DA:217,3
DA:232,6
DA:247,4
DA:248,1
DA:249,1
DA:252,4
DA:265,3
DA:269,7
DA:270,1
DA:273,6
DA:291,3
DA:296,1
DA:298,1
LF:45
LH:45
BRDA:4,0,0,1
BRDA:4,0,1,49
BRDA:4,1,0,50
BRDA:4,1,1,50
BRDA:4,1,2,50
BRDA:13,2,0,3
BRDA:13,2,1,13
BRDA:13,3,0,16
BRDA:13,3,1,14
BRDA:27,4,0,9
BRDA:27,4,1,0
BRDA:30,5,0,3
BRDA:30,5,1,6
BRDA:30,6,0,9
BRDA:30,6,1,6
BRDA:30,6,2,6
BRDA:30,6,3,6
BRDA:30,6,4,6
BRDA:46,7,0,3
BRDA:46,7,1,0
BRDA:49,8,0,1
BRDA:49,8,1,2
BRDA:50,9,0,3
BRDA:50,9,1,3
BRDA:50,9,2,3
BRDA:50,9,3,3
BRDA:50,9,4,3
BRDA:50,9,5,3
BRDA:97,10,0,3
BRDA:103,11,0,1
BRDA:103,11,1,5
BRDA:103,12,0,6
BRDA:103,12,1,5
BRDA:113,13,0,4
BRDA:113,13,1,4
BRDA:149,14,0,1
BRDA:149,14,1,0
BRDA:152,15,0,1
BRDA:152,15,1,0
BRDA:174,16,0,1
BRDA:247,17,0,1
BRDA:247,17,1,3
BRDA:247,18,0,4
BRDA:247,18,1,3
BRDA:248,19,0,1
BRDA:248,19,1,1
BRDA:249,20,0,1
BRDA:249,20,1,1
BRDA:269,21,0,1
BRDA:269,21,1,6
BRDA:269,22,0,7
BRDA:269,22,1,7
BRF:52
BRH:48
end_of_record
TN:
SF:src/services/protocolTypes.ts
FN:26,(anonymous_0)
FNF:1
FNH:1
FNDA:20,(anonymous_0)
DA:3,3
DA:9,3
DA:14,3
DA:20,3
DA:26,3
DA:28,20
DA:30,20
DA:31,1
DA:34,19
LF:9
LH:9
BRDA:28,0,0,2
BRDA:28,0,1,18
BRDA:28,1,0,20
BRDA:28,1,1,17
BRDA:30,2,0,1
BRDA:30,2,1,19
BRDA:30,3,0,20
BRDA:30,3,1,19
BRF:8
BRH:8
end_of_record
TN:
SF:src/services/relayerClient.js
FN:7,(anonymous_0)
FN:15,(anonymous_1)
FN:27,(anonymous_2)
FN:31,(anonymous_3)
FN:41,(anonymous_4)
FN:64,(anonymous_5)
FN:77,(anonymous_6)
FN:86,(anonymous_7)
FN:116,(anonymous_8)
FN:162,(anonymous_9)
FN:168,(anonymous_10)
FN:170,(anonymous_11)
FN:171,(anonymous_12)
FNF:13
FNH:12
FNDA:4,(anonymous_0)
FNDA:1,(anonymous_1)
FNDA:7,(anonymous_2)
FNDA:4,(anonymous_3)
FNDA:2,(anonymous_4)
FNDA:1,(anonymous_5)
FNDA:1,(anonymous_6)
FNDA:2,(anonymous_7)
FNDA:3,(anonymous_8)
FNDA:7,(anonymous_9)
FNDA:0,(anonymous_10)
FNDA:7,(anonymous_11)
FNDA:9,(anonymous_12)
DA:4,1
DA:5,1
DA:7,1
DA:8,4
DA:9,2
DA:12,2
DA:15,1
DA:16,1
DA:17,1
DA:18,1
DA:20,1
DA:27,1
DA:28,7
DA:31,1
DA:32,4
DA:34,4
DA:36,4
DA:38,3
DA:41,1
DA:42,2
DA:43,1
DA:46,1
DA:47,1
DA:50,0
DA:51,0
DA:53,0
DA:54,0
DA:57,0
DA:58,0
DA:61,0
DA:64,1
DA:65,1
DA:67,1
DA:71,1
DA:77,1
DA:86,1
DA:87,2
DA:88,2
DA:99,2
DA:100,1
DA:101,1
DA:104,1
DA:105,0
DA:108,1
DA:109,1
DA:110,0
DA:113,1
DA:116,1
DA:119,3
DA:120,3
DA:121,3
DA:128,1
DA:129,1
DA:130,1
DA:133,2
DA:134,0
DA:135,0
DA:138,2
DA:139,1
DA:140,1
DA:141,1
DA:144,1
DA:145,0
DA:148,1
DA:151,1
DA:157,1
DA:162,1
DA:168,0
DA:170,7
DA:171,7
DA:172,9
DA:174,9
DA:175,1
DA:180,1
DA:183,8
DA:184,1
DA:189,1
DA:193,7
DA:194,7
DA:196,2
DA:198,2
DA:199,1
DA:205,1
DA:208,1
DA:209,1
DA:212,5
DA:213,2
DA:216,5
DA:217,1
DA:223,1
DA:226,4
DA:227,3
DA:228,3
DA:231,1
DA:234,7
LF:95
LH:82
BRDA:8,0,0,2
BRDA:8,0,1,2
BRDA:9,1,0,1
BRDA:9,1,1,1
BRDA:28,2,0,3
BRDA:28,2,1,4
BRDA:34,3,0,2
BRDA:34,3,1,2
BRDA:36,4,0,1
BRDA:36,4,1,3
BRDA:38,5,0,3
BRDA:38,5,1,2
BRDA:38,5,2,1
BRDA:42,6,0,1
BRDA:42,6,1,1
BRDA:46,7,0,1
BRDA:46,7,1,0
BRDA:53,8,0,0
BRDA:53,8,1,0
BRDA:57,9,0,0
BRDA:57,9,1,0
BRDA:65,10,0,1
BRDA:65,10,1,0
BRDA:80,11,0,1
BRDA:80,11,1,0
BRDA:81,12,0,1
BRDA:81,12,1,0
BRDA:82,13,0,1
BRDA:82,13,1,0
BRDA:83,14,0,1
BRDA:83,14,1,0
BRDA:86,15,0,0
BRDA:99,16,0,1
BRDA:99,16,1,1
BRDA:104,17,0,0
BRDA:104,17,1,1
BRDA:109,18,0,0
BRDA:109,18,1,1
BRDA:109,19,0,1
BRDA:109,19,1,1
BRDA:116,20,0,0
BRDA:128,21,0,1
BRDA:128,21,1,0
BRDA:133,22,0,0
BRDA:133,22,1,2
BRDA:138,23,0,1
BRDA:138,23,1,1
BRDA:144,24,0,0
BRDA:144,24,1,1
BRDA:165,25,0,0
BRDA:167,26,0,7
BRDA:168,27,0,4
BRDA:174,28,0,1
BRDA:174,28,1,8
BRDA:183,29,0,1
BRDA:183,29,1,7
BRDA:196,30,0,2
BRDA:196,30,1,1
BRDA:198,31,0,1
BRDA:198,31,1,1
BRDA:212,32,0,2
BRDA:212,32,1,3
BRDA:216,33,0,1
BRDA:216,33,1,4
BRDA:226,34,0,3
BRDA:226,34,1,1
BRF:66
BRH:48
end_of_record
TN:
SF:src/services/statistics.js
FN:4,(anonymous_0)
FN:5,(anonymous_1)
FN:21,(anonymous_2)
FN:22,(anonymous_3)
FNF:4
FNH:4
FNDA:3,(anonymous_0)
FNDA:12,(anonymous_1)
FNDA:1,(anonymous_2)
FNDA:2,(anonymous_3)
DA:2,1
DA:4,1
DA:5,12
DA:6,3
DA:8,3
DA:9,13
DA:15,3
DA:21,1
DA:22,1
DA:23,2
DA:24,2
DA:26,2
LF:12
LH:12
BRDA:4,0,0,0
BRF:1
BRH:0
end_of_record
TN:
SF:src/services/txRecords.js
FN:4,(anonymous_0)
FN:17,(anonymous_1)
FN:18,(anonymous_2)
FN:19,(anonymous_3)
FN:23,(anonymous_4)
FN:54,(anonymous_5)
FN:58,(anonymous_6)
FNF:7
FNH:7
FNDA:5,(anonymous_0)
FNDA:1,(anonymous_1)
FNDA:1,(anonymous_2)
FNDA:1,(anonymous_3)
FNDA:3,(anonymous_4)
FNDA:1,(anonymous_5)
FNDA:1,(anonymous_6)
DA:4,1
DA:5,5
DA:7,1
DA:9,1
DA:11,1
DA:13,2
DA:17,1
DA:18,1
DA:19,1
DA:23,1
DA:37,3
DA:38,3
DA:39,3
DA:41,3
DA:54,3
DA:55,3
DA:56,3
DA:58,3
DA:60,3
DA:62,3
DA:63,2
DA:64,2
DA:65,2
DA:68,1
DA:69,1
DA:70,1
DA:71,1
DA:72,1
DA:74,1
LF:29
LH:29
BRDA:5,0,0,1
BRDA:5,0,1,1
BRDA:5,0,2,1
BRDA:5,0,3,2
BRDA:30,1,0,3
BRDA:35,2,0,0
BRDA:55,3,0,1
BRDA:55,3,1,2
BRDA:56,4,0,1
BRDA:56,4,1,2
BRDA:58,5,0,3
BRDA:58,5,1,2
BRDA:62,6,0,2
BRDA:62,6,1,1
BRDA:62,7,0,3
BRDA:62,7,1,2
BRF:16
BRH:15
end_of_record
TN:
SF:src/services/withdrawFlow.js
FN:11,(anonymous_0)
FN:31,(anonymous_1)
FN:79,(anonymous_2)
FN:105,(anonymous_3)
FNF:4
FNH:4
FNDA:2,(anonymous_0)
FNDA:3,(anonymous_1)
FNDA:1,(anonymous_2)
FNDA:1,(anonymous_3)
DA:11,1
DA:26,2
DA:27,2
DA:28,2
DA:29,2
DA:31,2
DA:32,3
DA:43,3
DA:46,2
DA:47,1
DA:50,1
DA:51,0
DA:54,1
DA:55,1
DA:57,1
DA:58,1
DA:59,0
DA:62,1
DA:69,1
DA:70,0
DA:73,1
DA:74,1
DA:76,1
DA:79,1
DA:89,1
DA:91,1
DA:92,1
DA:95,0
DA:97,0
DA:98,0
DA:99,0
DA:102,0
DA:105,1
DA:117,1
DA:119,1
DA:120,0
DA:123,1
DA:130,1
DA:132,1
DA:135,1
DA:141,1
DA:143,1
LF:42
LH:33
BRDA:24,0,0,0
BRDA:46,1,0,1
BRDA:46,1,1,1
BRDA:50,2,0,0
BRDA:50,2,1,1
BRDA:58,3,0,0
BRDA:58,3,1,1
BRDA:69,4,0,0
BRDA:69,4,1,1
BRDA:91,5,0,1
BRDA:91,5,1,0
BRDA:98,6,0,0
BRDA:98,6,1,0
BRDA:115,7,0,1
BRDA:119,8,0,0
BRDA:119,8,1,1
BRF:16
BRH:8
end_of_record
TN:
SF:src/services/withdrawal.js
FN:3,(anonymous_0)
FN:29,(anonymous_1)
FN:40,(anonymous_2)
FNF:3
FNH:3
FNDA:1,(anonymous_0)
FNDA:3,(anonymous_1)
FNDA:1,(anonymous_2)
DA:3,2
DA:13,1
DA:29,2
DA:30,3
DA:40,2
DA:41,1
DA:43,1
LF:7
LH:7
BRDA:46,0,0,1
BRDA:46,0,1,0
BRF:2
BRH:1
end_of_record
TN:
SF:src/services/schema/index.js
FN:9,(anonymous_0)
FN:20,getRelayerValidateFunction
FNF:2
FNH:2
FNDA:1,(anonymous_0)
FNDA:1,getRelayerValidateFunction
DA:6,1
DA:8,1
DA:10,1
DA:11,1
DA:12,1
DA:14,0
DA:21,1
DA:23,0
DA:25,0
DA:27,0
DA:29,0
DA:31,0
DA:33,1
DA:37,0
DA:40,0
LF:15
LH:7
BRDA:21,0,0,0
BRDA:21,0,1,0
BRDA:21,0,2,0
BRDA:21,0,3,0
BRDA:21,0,4,0
BRDA:21,0,5,1
BRDA:21,0,6,0
BRDA:21,0,7,0
BRDA:21,0,8,0
BRF:9
BRH:1
end_of_record
TN:
SF:src/services/schema/relayer/index.js
FN:12,(anonymous_0)
FN:14,(anonymous_1)
FN:20,(anonymous_2)
FN:31,(anonymous_3)
FN:52,(anonymous_4)
FNF:5
FNH:5
FNDA:12,(anonymous_0)
FNDA:46,(anonymous_1)
FNDA:7,(anonymous_2)
FNDA:5,(anonymous_3)
FNDA:6,(anonymous_4)
DA:12,12
DA:14,46
DA:20,7
DA:31,5
DA:42,1
DA:52,6
DA:71,1
DA:72,1
DA:74,1
DA:145,1
LF:10
LH:10
BRDA:31,0,0,2
BRDA:52,1,0,6
BRF:2
BRH:2
end_of_record
TN:
SF:src/store/txStatus.js
FNF:0
FNH:0
DA:1,1
LF:1
LH:1
BRF:0
BRH:0
end_of_record
TN:
SF:src/utils/adapters.js
FN:3,formatEvents
FN:5,(anonymous_1)
FN:16,(anonymous_2)
FN:29,formatEvent
FNF:4
FNH:0
FNDA:0,formatEvents
FNDA:0,(anonymous_1)
FNDA:0,(anonymous_2)
FNDA:0,formatEvent
DA:4,0
DA:5,0
DA:6,0
DA:7,0
DA:16,0
DA:17,0
DA:18,0
DA:30,0
DA:31,0
DA:39,0
LF:10
LH:0
BRDA:4,0,0,0
BRDA:4,0,1,0
BRDA:30,1,0,0
BRDA:30,1,1,0
BRDA:34,2,0,0
BRDA:34,2,1,0
BRDA:42,3,0,0
BRDA:42,3,1,0
BRF:8
BRH:0
end_of_record
TN:
SF:src/utils/crypto.js
FN:23,validateNote
FN:52,parseNote
FN:66,parseHexNote
FN:88,leInt2Buff
FN:92,randomBN
FN:96,buffPedersenHash
FN:101,toFixedHex
FN:108,packEncryptedMessage
FN:122,unpackEncryptedMessage
FN:138,checkCommitments
FN:139,(anonymous_10)
FNF:11
FNH:3
FNDA:21,validateNote
FNDA:2,parseNote
FNDA:0,parseHexNote
FNDA:0,leInt2Buff
FNDA:0,randomBN
FNDA:0,buffPedersenHash
FNDA:12,toFixedHex
FNDA:0,packEncryptedMessage
FNDA:0,unpackEncryptedMessage
FNDA:0,checkCommitments
FNDA:0,(anonymous_10)
DA:6,4
DA:8,4
DA:10,4
DA:24,21
DA:26,20
DA:27,20
DA:29,16
DA:30,16
DA:31,13
DA:38,12
DA:39,7
DA:41,5
DA:42,1
DA:45,4
DA:53,2
DA:54,2
DA:56,0
DA:58,0
DA:67,0
DA:69,0
DA:71,0
DA:72,0
DA:73,0
DA:75,0
DA:77,0
DA:89,0
DA:93,0
DA:97,0
DA:98,0
DA:102,12
DA:104,12
DA:105,12
DA:109,0
DA:110,0
DA:111,0
DA:112,0
DA:119,0
DA:123,0
DA:124,0
DA:126,0
DA:127,0
DA:128,0
DA:129,0
DA:130,0
DA:139,0
DA:141,0
DA:142,0
DA:143,0
LF:48
LH:19
BRDA:23,0,0,19
BRDA:24,1,0,1
BRDA:24,1,1,20
BRDA:27,2,0,4
BRDA:27,2,1,16
BRDA:30,3,0,3
BRDA:30,3,1,13
BRDA:30,4,0,16
BRDA:30,4,1,15
BRDA:30,4,2,14
BRDA:31,5,0,1
BRDA:31,5,1,12
BRDA:31,6,0,13
BRDA:31,6,1,13
BRDA:38,7,0,7
BRDA:38,7,1,5
BRDA:38,8,0,12
BRDA:38,8,1,12
BRDA:38,8,2,6
BRDA:41,9,0,1
BRDA:41,9,1,4
BRDA:41,10,0,5
BRDA:41,10,1,2
BRDA:54,11,0,2
BRDA:54,11,1,0
BRDA:92,12,0,0
BRDA:101,13,0,8
BRDA:104,14,0,0
BRDA:104,14,1,12
BRDA:123,15,0,0
BRDA:123,15,1,0
BRDA:138,16,0,0
BRDA:141,17,0,0
BRDA:141,17,1,0
BRF:34
BRH:26
end_of_record
TN:
SF:src/utils/index.js
FN:8,flattenNArray
FN:9,(anonymous_1)
FN:14,sleep
FN:15,(anonymous_3)
FN:18,detectMob
FN:34,saveAsFile
FN:51,saveNoteBackupFile
FNF:7
FNH:0
FNDA:0,flattenNArray
FNDA:0,(anonymous_1)
FNDA:0,sleep
FNDA:0,(anonymous_3)
FNDA:0,detectMob
FNDA:0,saveAsFile
FNDA:0,saveNoteBackupFile
DA:9,0
DA:10,0
DA:15,0
DA:19,0
DA:28,0
DA:30,0
DA:35,0
DA:36,0
DA:39,0
DA:52,0
DA:53,0
LF:11
LH:0
BRDA:10,0,0,0
BRDA:10,0,1,0
BRDA:19,1,0,0
BRDA:19,1,1,0
BRDA:20,2,0,0
BRDA:20,2,1,0
BRDA:20,2,2,0
BRDA:20,2,3,0
BRDA:20,2,4,0
BRDA:20,2,5,0
BRDA:20,2,6,0
BRDA:35,3,0,0
BRDA:35,3,1,0
BRF:13
BRH:0
end_of_record
TN:
SF:src/utils/instanceUtils.js
FN:3,getInstanceByAddress
FNF:1
FNH:0
FNDA:0,getInstanceByAddress
DA:4,0
DA:6,0
DA:7,0
DA:8,0
DA:9,0
LF:5
LH:0
BRDA:8,0,0,0
BRDA:8,0,1,0
BRF:2
BRH:0
end_of_record
TN:
SF:src/utils/stringUtils.js
FN:1,capitalizeFirstLetter
FN:5,(anonymous_1)
FN:9,(anonymous_2)
FN:15,(anonymous_3)
FNF:4
FNH:1
FNDA:0,capitalizeFirstLetter
FNDA:0,(anonymous_1)
FNDA:0,(anonymous_2)
FNDA:4,(anonymous_3)
DA:2,0
DA:5,3
DA:6,0
DA:9,3
DA:10,0
DA:13,3
DA:15,3
DA:16,4
DA:17,4
LF:9
LH:6
BRDA:5,0,0,0
BRDA:5,1,0,0
BRF:2
BRH:0
end_of_record
